2025-05-20 16:58:20,672 - INFO - Attempting login...
2025-05-20 16:58:20,679 - INFO - CSRF Token fetched: o2qhOy2RpOxWiXftZc9ctPz9Xh6XOZr06GsFaaaN3EKoxMxmu9bGyEOE4x5ROFjl
2025-05-20 16:58:21,212 - INFO - Login successful!
2025-05-20 16:58:21,213 - INFO - Sending data: {'user': 3, 'ph': 8.22, 'flow1': 28.3, 'flow2': 84.88, 'flow3': 76.43, 'cod': 201, 'bod': 5, 'tss': 103}
2025-05-20 16:58:21,229 - INFO - Status Code: 200
2025-05-20 16:58:21,229 - INFO - Response: {'success': False, 'error': 'User not found'}
2025-05-20 16:58:21,229 - INFO - Data sent successfully
2025-05-20 16:58:26,231 - INFO - Sending data: {'user': 3, 'ph': 7.23, 'flow1': 14.98, 'flow2': 45.09, 'flow3': 14.51, 'cod': 163, 'bod': 74, 'tss': 43}
2025-05-20 16:58:26,247 - INFO - Status Code: 200
2025-05-20 16:58:26,247 - INFO - Response: {'success': False, 'error': 'User not found'}
2025-05-20 16:58:26,247 - INFO - Data sent successfully
2025-05-20 16:58:31,248 - INFO - Sending data: {'user': 3, 'ph': 7.01, 'flow1': 28.25, 'flow2': 44.29, 'flow3': 13.91, 'cod': 26, 'bod': 15, 'tss': 31}
2025-05-20 16:58:31,281 - INFO - Status Code: 200
2025-05-20 16:58:31,281 - INFO - Response: {'success': False, 'error': 'User not found'}
2025-05-20 16:58:31,281 - INFO - Data sent successfully
2025-05-20 16:58:36,282 - INFO - Sending data: {'user': 3, 'ph': 7.09, 'flow1': 59.12, 'flow2': 28.01, 'flow3': 26.63, 'cod': 167, 'bod': 38, 'tss': 72}
2025-05-20 16:58:36,307 - INFO - Status Code: 200
2025-05-20 16:58:36,307 - INFO - Response: {'success': False, 'error': 'User not found'}
2025-05-20 16:58:36,308 - INFO - Data sent successfully
2025-05-20 16:58:41,310 - INFO - Sending data: {'user': 3, 'ph': 7.36, 'flow1': 68.06, 'flow2': 66.55, 'flow3': 27.35, 'cod': 178, 'bod': 71, 'tss': 29}
2025-05-20 16:58:41,351 - INFO - Status Code: 200
2025-05-20 16:58:41,351 - INFO - Response: {'success': False, 'error': 'User not found'}
2025-05-20 16:58:41,352 - INFO - Data sent successfully
2025-05-20 16:58:51,099 - INFO - Attempting login...
2025-05-20 16:58:51,105 - INFO - CSRF Token fetched: 6B6sKuBWWm1sFZudj9yQ3aaigNUpNTDKy1LZM9msfcSdbRFYLRXGGozzbp2ZuoGh
2025-05-20 16:58:51,633 - INFO - Login successful!
2025-05-20 16:58:51,633 - INFO - Sending data: {'user': 3, 'ph': 7.27, 'flow1': 28.42, 'flow2': 76.16, 'flow3': 53.77, 'cod': 57, 'bod': 26, 'tss': 99}
2025-05-20 16:58:51,653 - INFO - Status Code: 200
2025-05-20 16:58:51,653 - INFO - Response: {'success': False, 'error': 'User not found'}
2025-05-20 16:58:51,653 - INFO - Data sent successfully
2025-05-20 16:58:56,654 - INFO - Sending data: {'user': 3, 'ph': 8.07, 'flow1': 25.25, 'flow2': 62.34, 'flow3': 51.57, 'cod': 198, 'bod': 80, 'tss': 72}
2025-05-20 16:58:56,695 - INFO - Status Code: 200
2025-05-20 16:58:56,695 - INFO - Response: {'success': False, 'error': 'User not found'}
2025-05-20 16:58:56,695 - INFO - Data sent successfully
2025-05-20 16:59:01,696 - INFO - Sending data: {'user': 3, 'ph': 8.21, 'flow1': 84.38, 'flow2': 96.15, 'flow3': 22.92, 'cod': 269, 'bod': 26, 'tss': 67}
2025-05-20 16:59:01,735 - INFO - Status Code: 200
2025-05-20 16:59:01,736 - INFO - Response: {'success': False, 'error': 'User not found'}
2025-05-20 16:59:01,736 - INFO - Data sent successfully
2025-05-20 16:59:06,737 - INFO - Sending data: {'user': 3, 'ph': 7.12, 'flow1': 71.45, 'flow2': 63.95, 'flow3': 57.47, 'cod': 290, 'bod': 13, 'tss': 144}
2025-05-20 16:59:06,777 - INFO - Status Code: 200
2025-05-20 16:59:06,777 - INFO - Response: {'success': False, 'error': 'User not found'}
2025-05-20 16:59:06,777 - INFO - Data sent successfully
2025-05-20 16:59:11,779 - INFO - Sending data: {'user': 3, 'ph': 6.72, 'flow1': 50.44, 'flow2': 77.74, 'flow3': 50.75, 'cod': 187, 'bod': 15, 'tss': 37}
2025-05-20 16:59:11,796 - INFO - Status Code: 200
2025-05-20 16:59:11,796 - INFO - Response: {'success': False, 'error': 'User not found'}
2025-05-20 16:59:11,796 - INFO - Data sent successfully
2025-05-20 16:59:16,797 - INFO - Sending data: {'user': 3, 'ph': 7.98, 'flow1': 79.56, 'flow2': 82.72, 'flow3': 90.73, 'cod': 88, 'bod': 79, 'tss': 180}
2025-05-20 16:59:16,832 - INFO - Status Code: 200
2025-05-20 16:59:16,832 - INFO - Response: {'success': False, 'error': 'User not found'}
2025-05-20 16:59:16,832 - INFO - Data sent successfully
2025-05-20 16:59:21,833 - INFO - Sending data: {'user': 3, 'ph': 7.31, 'flow1': 63.33, 'flow2': 95.36, 'flow3': 54.66, 'cod': 259, 'bod': 77, 'tss': 36}
2025-05-20 16:59:21,872 - INFO - Status Code: 200
2025-05-20 16:59:21,872 - INFO - Response: {'success': False, 'error': 'User not found'}
2025-05-20 16:59:21,872 - INFO - Data sent successfully
2025-05-20 16:59:26,873 - INFO - Sending data: {'user': 3, 'ph': 7.49, 'flow1': 21.53, 'flow2': 77.02, 'flow3': 16.9, 'cod': 139, 'bod': 67, 'tss': 180}
2025-05-20 16:59:26,947 - INFO - Status Code: 200
2025-05-20 16:59:26,948 - INFO - Response: {'success': False, 'error': 'User not found'}
2025-05-20 16:59:26,948 - INFO - Data sent successfully
2025-05-20 16:59:31,949 - INFO - Sending data: {'user': 3, 'ph': 6.65, 'flow1': 32.46, 'flow2': 38.95, 'flow3': 78.67, 'cod': 251, 'bod': 65, 'tss': 157}
2025-05-20 16:59:31,984 - INFO - Status Code: 200
2025-05-20 16:59:31,984 - INFO - Response: {'success': False, 'error': 'User not found'}
2025-05-20 16:59:31,984 - INFO - Data sent successfully
2025-05-20 16:59:36,985 - INFO - Sending data: {'user': 3, 'ph': 7.68, 'flow1': 13.35, 'flow2': 87.35, 'flow3': 95.85, 'cod': 182, 'bod': 70, 'tss': 174}
2025-05-20 16:59:37,020 - INFO - Status Code: 200
2025-05-20 16:59:37,020 - INFO - Response: {'success': False, 'error': 'User not found'}
2025-05-20 16:59:37,020 - INFO - Data sent successfully
2025-05-20 16:59:42,020 - INFO - Sending data: {'user': 3, 'ph': 7.39, 'flow1': 10.92, 'flow2': 26.84, 'flow3': 96.4, 'cod': 175, 'bod': 34, 'tss': 195}
2025-05-20 16:59:42,064 - INFO - Status Code: 200
2025-05-20 16:59:42,065 - INFO - Response: {'success': False, 'error': 'User not found'}
2025-05-20 16:59:42,065 - INFO - Data sent successfully
2025-05-20 16:59:47,066 - INFO - Sending data: {'user': 3, 'ph': 6.85, 'flow1': 22.5, 'flow2': 19.29, 'flow3': 51.35, 'cod': 249, 'bod': 77, 'tss': 35}
2025-05-20 16:59:47,100 - INFO - Status Code: 200
2025-05-20 16:59:47,100 - INFO - Response: {'success': False, 'error': 'User not found'}
2025-05-20 16:59:47,100 - INFO - Data sent successfully
2025-05-20 16:59:52,102 - INFO - Sending data: {'user': 3, 'ph': 6.77, 'flow1': 51.91, 'flow2': 66.41, 'flow3': 61.54, 'cod': 20, 'bod': 55, 'tss': 165}
2025-05-20 16:59:52,124 - INFO - Status Code: 200
2025-05-20 16:59:52,124 - INFO - Response: {'success': False, 'error': 'User not found'}
2025-05-20 16:59:52,124 - INFO - Data sent successfully
2025-05-20 16:59:57,126 - INFO - Sending data: {'user': 3, 'ph': 7.67, 'flow1': 83.24, 'flow2': 85.44, 'flow3': 56.47, 'cod': 184, 'bod': 26, 'tss': 186}
2025-05-20 16:59:57,159 - INFO - Status Code: 200
2025-05-20 16:59:57,160 - INFO - Response: {'success': False, 'error': 'User not found'}
2025-05-20 16:59:57,160 - INFO - Data sent successfully
2025-05-20 17:00:02,161 - INFO - Sending data: {'user': 3, 'ph': 7.99, 'flow1': 33.47, 'flow2': 66.16, 'flow3': 34.93, 'cod': 183, 'bod': 74, 'tss': 144}
2025-05-20 17:00:02,195 - INFO - Status Code: 200
2025-05-20 17:00:02,195 - INFO - Response: {'success': False, 'error': 'User not found'}
2025-05-20 17:00:02,196 - INFO - Data sent successfully
2025-05-20 17:00:07,196 - INFO - Sending data: {'user': 3, 'ph': 6.65, 'flow1': 79.83, 'flow2': 93.71, 'flow3': 42.54, 'cod': 249, 'bod': 42, 'tss': 151}
2025-05-20 17:00:07,241 - INFO - Status Code: 200
2025-05-20 17:00:07,241 - INFO - Response: {'success': False, 'error': 'User not found'}
2025-05-20 17:00:07,241 - INFO - Data sent successfully
2025-05-20 17:00:12,242 - INFO - Sending data: {'user': 3, 'ph': 8.19, 'flow1': 80.89, 'flow2': 71.89, 'flow3': 23.48, 'cod': 166, 'bod': 76, 'tss': 66}
2025-05-20 17:00:12,281 - INFO - Status Code: 200
2025-05-20 17:00:12,281 - INFO - Response: {'success': False, 'error': 'User not found'}
2025-05-20 17:00:12,281 - INFO - Data sent successfully
2025-05-20 17:00:17,282 - INFO - Sending data: {'user': 3, 'ph': 8.35, 'flow1': 65.72, 'flow2': 23.1, 'flow3': 81.91, 'cod': 47, 'bod': 25, 'tss': 110}
2025-05-20 17:00:17,316 - INFO - Status Code: 200
2025-05-20 17:00:17,316 - INFO - Response: {'success': False, 'error': 'User not found'}
2025-05-20 17:00:17,316 - INFO - Data sent successfully
2025-05-20 17:00:22,318 - INFO - Sending data: {'user': 3, 'ph': 8.49, 'flow1': 62.88, 'flow2': 91.14, 'flow3': 85.72, 'cod': 40, 'bod': 60, 'tss': 169}
2025-05-20 17:00:22,351 - INFO - Status Code: 200
2025-05-20 17:00:22,351 - INFO - Response: {'success': False, 'error': 'User not found'}
2025-05-20 17:00:22,351 - INFO - Data sent successfully
2025-05-20 17:00:27,351 - INFO - Sending data: {'user': 3, 'ph': 7.5, 'flow1': 83.16, 'flow2': 28.14, 'flow3': 46.94, 'cod': 46, 'bod': 61, 'tss': 50}
2025-05-20 17:00:27,389 - INFO - Status Code: 200
2025-05-20 17:00:27,389 - INFO - Response: {'success': False, 'error': 'User not found'}
2025-05-20 17:00:27,390 - INFO - Data sent successfully
2025-05-20 17:00:32,391 - INFO - Sending data: {'user': 3, 'ph': 6.63, 'flow1': 85.54, 'flow2': 31.96, 'flow3': 97.33, 'cod': 287, 'bod': 8, 'tss': 17}
2025-05-20 17:00:32,429 - INFO - Status Code: 200
2025-05-20 17:00:32,429 - INFO - Response: {'success': False, 'error': 'User not found'}
2025-05-20 17:00:32,429 - INFO - Data sent successfully
2025-05-20 17:00:37,430 - INFO - Sending data: {'user': 3, 'ph': 8.0, 'flow1': 79.2, 'flow2': 58.03, 'flow3': 56.74, 'cod': 278, 'bod': 24, 'tss': 184}
2025-05-20 17:00:37,468 - INFO - Status Code: 200
2025-05-20 17:00:37,468 - INFO - Response: {'success': False, 'error': 'User not found'}
2025-05-20 17:00:37,468 - INFO - Data sent successfully
2025-05-20 17:00:42,469 - INFO - Sending data: {'user': 3, 'ph': 6.53, 'flow1': 53.47, 'flow2': 34.12, 'flow3': 38.93, 'cod': 160, 'bod': 21, 'tss': 95}
2025-05-20 17:00:42,505 - INFO - Status Code: 200
2025-05-20 17:00:42,505 - INFO - Response: {'success': False, 'error': 'User not found'}
2025-05-20 17:00:42,505 - INFO - Data sent successfully
2025-05-20 17:00:47,507 - INFO - Sending data: {'user': 3, 'ph': 6.92, 'flow1': 27.07, 'flow2': 52.18, 'flow3': 14.85, 'cod': 134, 'bod': 22, 'tss': 96}
2025-05-20 17:00:47,545 - INFO - Status Code: 200
2025-05-20 17:00:47,546 - INFO - Response: {'success': False, 'error': 'User not found'}
2025-05-20 17:00:47,546 - INFO - Data sent successfully
2025-05-20 17:00:52,547 - INFO - Sending data: {'user': 3, 'ph': 7.96, 'flow1': 57.01, 'flow2': 13.95, 'flow3': 60.12, 'cod': 50, 'bod': 65, 'tss': 92}
2025-05-20 17:00:52,603 - INFO - Status Code: 200
2025-05-20 17:00:52,604 - INFO - Response: {'success': False, 'error': 'User not found'}
2025-05-20 17:00:52,604 - INFO - Data sent successfully
2025-05-20 17:00:57,606 - INFO - Sending data: {'user': 3, 'ph': 6.67, 'flow1': 95.32, 'flow2': 74.24, 'flow3': 22.99, 'cod': 66, 'bod': 58, 'tss': 188}
2025-05-20 17:00:57,623 - INFO - Status Code: 200
2025-05-20 17:00:57,623 - INFO - Response: {'success': False, 'error': 'User not found'}
2025-05-20 17:00:57,623 - INFO - Data sent successfully
2025-05-20 17:01:02,624 - INFO - Sending data: {'user': 3, 'ph': 7.26, 'flow1': 71.87, 'flow2': 58.87, 'flow3': 59.65, 'cod': 54, 'bod': 7, 'tss': 175}
2025-05-20 17:01:02,665 - INFO - Status Code: 200
2025-05-20 17:01:02,665 - INFO - Response: {'success': False, 'error': 'User not found'}
2025-05-20 17:01:02,665 - INFO - Data sent successfully
2025-05-20 17:01:07,666 - INFO - Sending data: {'user': 3, 'ph': 7.51, 'flow1': 70.62, 'flow2': 58.63, 'flow3': 54.02, 'cod': 260, 'bod': 40, 'tss': 132}
2025-05-20 17:01:07,710 - INFO - Status Code: 200
2025-05-20 17:01:07,710 - INFO - Response: {'success': False, 'error': 'User not found'}
2025-05-20 17:01:07,712 - INFO - Data sent successfully
2025-05-20 17:01:12,712 - INFO - Sending data: {'user': 3, 'ph': 7.53, 'flow1': 87.55, 'flow2': 68.79, 'flow3': 46.63, 'cod': 154, 'bod': 5, 'tss': 103}
2025-05-20 17:01:12,731 - INFO - Status Code: 200
2025-05-20 17:01:12,731 - INFO - Response: {'success': False, 'error': 'User not found'}
2025-05-20 17:01:12,731 - INFO - Data sent successfully
2025-05-20 17:01:17,732 - INFO - Sending data: {'user': 3, 'ph': 6.63, 'flow1': 36.05, 'flow2': 57.28, 'flow3': 77.25, 'cod': 161, 'bod': 29, 'tss': 185}
2025-05-20 17:01:17,767 - INFO - Status Code: 200
2025-05-20 17:01:17,768 - INFO - Response: {'success': False, 'error': 'User not found'}
2025-05-20 17:01:17,768 - INFO - Data sent successfully
2025-05-20 17:01:22,769 - INFO - Sending data: {'user': 3, 'ph': 8.44, 'flow1': 55.25, 'flow2': 84.4, 'flow3': 99.94, 'cod': 157, 'bod': 67, 'tss': 59}
2025-05-20 17:01:22,796 - INFO - Status Code: 200
2025-05-20 17:01:22,796 - INFO - Response: {'success': False, 'error': 'User not found'}
2025-05-20 17:01:22,796 - INFO - Data sent successfully
2025-05-20 17:01:27,797 - INFO - Sending data: {'user': 3, 'ph': 8.42, 'flow1': 62.89, 'flow2': 22.38, 'flow3': 71.87, 'cod': 290, 'bod': 71, 'tss': 25}
2025-05-20 17:01:27,841 - INFO - Status Code: 200
2025-05-20 17:01:27,841 - INFO - Response: {'success': False, 'error': 'User not found'}
2025-05-20 17:01:27,841 - INFO - Data sent successfully
2025-05-20 17:01:32,842 - INFO - Sending data: {'user': 3, 'ph': 8.18, 'flow1': 74.18, 'flow2': 38.8, 'flow3': 27.85, 'cod': 271, 'bod': 46, 'tss': 34}
2025-05-20 17:01:32,865 - INFO - Status Code: 200
2025-05-20 17:01:32,865 - INFO - Response: {'success': False, 'error': 'User not found'}
2025-05-20 17:01:32,865 - INFO - Data sent successfully
2025-05-20 17:01:37,866 - INFO - Sending data: {'user': 3, 'ph': 7.96, 'flow1': 24.28, 'flow2': 33.96, 'flow3': 10.29, 'cod': 133, 'bod': 14, 'tss': 165}
2025-05-20 17:01:37,907 - INFO - Status Code: 200
2025-05-20 17:01:37,907 - INFO - Response: {'success': False, 'error': 'User not found'}
2025-05-20 17:01:37,907 - INFO - Data sent successfully
2025-05-20 17:01:42,909 - INFO - Sending data: {'user': 3, 'ph': 8.14, 'flow1': 43.47, 'flow2': 74.01, 'flow3': 52.53, 'cod': 26, 'bod': 21, 'tss': 178}
2025-05-20 17:01:42,950 - INFO - Status Code: 200
2025-05-20 17:01:42,950 - INFO - Response: {'success': False, 'error': 'User not found'}
2025-05-20 17:01:42,950 - INFO - Data sent successfully
2025-05-20 17:01:47,952 - INFO - Sending data: {'user': 3, 'ph': 7.52, 'flow1': 84.87, 'flow2': 55.53, 'flow3': 63.59, 'cod': 283, 'bod': 33, 'tss': 150}
2025-05-20 17:01:47,994 - INFO - Status Code: 200
2025-05-20 17:01:47,994 - INFO - Response: {'success': False, 'error': 'User not found'}
2025-05-20 17:01:47,994 - INFO - Data sent successfully
2025-05-20 17:01:52,995 - INFO - Sending data: {'user': 3, 'ph': 6.82, 'flow1': 29.34, 'flow2': 93.43, 'flow3': 83.24, 'cod': 170, 'bod': 75, 'tss': 182}
2025-05-20 17:01:53,040 - INFO - Status Code: 200
2025-05-20 17:01:53,040 - INFO - Response: {'success': False, 'error': 'User not found'}
2025-05-20 17:01:53,041 - INFO - Data sent successfully
2025-05-20 17:01:58,041 - INFO - Sending data: {'user': 3, 'ph': 7.63, 'flow1': 57.85, 'flow2': 26.83, 'flow3': 10.61, 'cod': 300, 'bod': 35, 'tss': 47}
2025-05-20 17:01:58,086 - INFO - Status Code: 200
2025-05-20 17:01:58,086 - INFO - Response: {'success': False, 'error': 'User not found'}
2025-05-20 17:01:58,086 - INFO - Data sent successfully
2025-05-20 17:02:03,087 - INFO - Sending data: {'user': 3, 'ph': 8.14, 'flow1': 53.63, 'flow2': 33.75, 'flow3': 52.37, 'cod': 66, 'bod': 42, 'tss': 31}
2025-05-20 17:02:03,120 - INFO - Status Code: 200
2025-05-20 17:02:03,120 - INFO - Response: {'success': False, 'error': 'User not found'}
2025-05-20 17:02:03,120 - INFO - Data sent successfully
2025-05-20 17:02:08,121 - INFO - Sending data: {'user': 3, 'ph': 6.53, 'flow1': 99.46, 'flow2': 53.03, 'flow3': 25.33, 'cod': 125, 'bod': 20, 'tss': 16}
2025-05-20 17:02:08,139 - INFO - Status Code: 200
2025-05-20 17:02:08,139 - INFO - Response: {'success': False, 'error': 'User not found'}
2025-05-20 17:02:08,139 - INFO - Data sent successfully
2025-05-20 17:02:13,140 - INFO - Sending data: {'user': 3, 'ph': 7.82, 'flow1': 16.35, 'flow2': 61.69, 'flow3': 50.81, 'cod': 112, 'bod': 8, 'tss': 52}
2025-05-20 17:02:13,168 - INFO - Status Code: 200
2025-05-20 17:02:13,168 - INFO - Response: {'success': False, 'error': 'User not found'}
2025-05-20 17:02:13,168 - INFO - Data sent successfully
2025-05-20 17:02:18,169 - INFO - Sending data: {'user': 3, 'ph': 6.6, 'flow1': 20.94, 'flow2': 87.23, 'flow3': 89.59, 'cod': 85, 'bod': 10, 'tss': 200}
2025-05-20 17:02:18,206 - INFO - Status Code: 200
2025-05-20 17:02:18,206 - INFO - Response: {'success': False, 'error': 'User not found'}
2025-05-20 17:02:18,206 - INFO - Data sent successfully
2025-05-20 17:02:23,207 - INFO - Sending data: {'user': 3, 'ph': 7.8, 'flow1': 93.02, 'flow2': 43.97, 'flow3': 91.72, 'cod': 82, 'bod': 58, 'tss': 93}
2025-05-20 17:02:23,248 - INFO - Status Code: 200
2025-05-20 17:02:23,248 - INFO - Response: {'success': False, 'error': 'User not found'}
2025-05-20 17:02:23,248 - INFO - Data sent successfully
2025-05-20 17:02:28,249 - INFO - Sending data: {'user': 3, 'ph': 7.85, 'flow1': 54.49, 'flow2': 61.29, 'flow3': 34.48, 'cod': 103, 'bod': 67, 'tss': 183}
2025-05-20 17:02:28,270 - INFO - Status Code: 200
2025-05-20 17:02:28,270 - INFO - Response: {'success': False, 'error': 'User not found'}
2025-05-20 17:02:28,270 - INFO - Data sent successfully
2025-05-20 17:02:33,271 - INFO - Sending data: {'user': 3, 'ph': 8.27, 'flow1': 87.98, 'flow2': 83.42, 'flow3': 44.2, 'cod': 241, 'bod': 79, 'tss': 54}
2025-05-20 17:02:33,305 - INFO - Status Code: 200
2025-05-20 17:02:33,305 - INFO - Response: {'success': False, 'error': 'User not found'}
2025-05-20 17:02:33,305 - INFO - Data sent successfully
2025-05-20 17:02:38,307 - INFO - Sending data: {'user': 3, 'ph': 7.39, 'flow1': 19.17, 'flow2': 84.54, 'flow3': 22.38, 'cod': 65, 'bod': 33, 'tss': 56}
2025-05-20 17:02:38,343 - INFO - Status Code: 200
2025-05-20 17:02:38,343 - INFO - Response: {'success': False, 'error': 'User not found'}
2025-05-20 17:02:38,343 - INFO - Data sent successfully
2025-05-20 17:02:43,344 - INFO - Sending data: {'user': 3, 'ph': 8.32, 'flow1': 22.21, 'flow2': 76.72, 'flow3': 82.42, 'cod': 143, 'bod': 41, 'tss': 196}
2025-05-20 17:02:43,382 - INFO - Status Code: 200
2025-05-20 17:02:43,382 - INFO - Response: {'success': False, 'error': 'User not found'}
2025-05-20 17:02:43,382 - INFO - Data sent successfully
2025-05-20 17:02:48,383 - INFO - Sending data: {'user': 3, 'ph': 7.73, 'flow1': 39.25, 'flow2': 57.06, 'flow3': 75.93, 'cod': 89, 'bod': 40, 'tss': 71}
2025-05-20 17:02:48,418 - INFO - Status Code: 200
2025-05-20 17:02:48,418 - INFO - Response: {'success': False, 'error': 'User not found'}
2025-05-20 17:02:48,418 - INFO - Data sent successfully
2025-05-20 17:02:53,420 - INFO - Sending data: {'user': 3, 'ph': 6.92, 'flow1': 56.35, 'flow2': 13.99, 'flow3': 29.48, 'cod': 156, 'bod': 18, 'tss': 147}
2025-05-20 17:02:53,473 - INFO - Status Code: 200
2025-05-20 17:02:53,473 - INFO - Response: {'success': False, 'error': 'User not found'}
2025-05-20 17:02:53,474 - INFO - Data sent successfully
2025-05-20 17:02:58,474 - INFO - Sending data: {'user': 3, 'ph': 7.83, 'flow1': 89.58, 'flow2': 21.48, 'flow3': 27.86, 'cod': 129, 'bod': 16, 'tss': 135}
2025-05-20 17:02:58,519 - INFO - Status Code: 200
2025-05-20 17:02:58,519 - INFO - Response: {'success': False, 'error': 'User not found'}
2025-05-20 17:02:58,519 - INFO - Data sent successfully
2025-05-20 17:03:03,521 - INFO - Sending data: {'user': 3, 'ph': 8.2, 'flow1': 69.46, 'flow2': 67.14, 'flow3': 81.93, 'cod': 146, 'bod': 64, 'tss': 138}
2025-05-20 17:03:03,565 - INFO - Status Code: 200
2025-05-20 17:03:03,566 - INFO - Response: {'success': False, 'error': 'User not found'}
2025-05-20 17:03:03,566 - INFO - Data sent successfully
2025-05-20 17:03:08,567 - INFO - Sending data: {'user': 3, 'ph': 7.35, 'flow1': 27.36, 'flow2': 32.07, 'flow3': 90.11, 'cod': 89, 'bod': 32, 'tss': 163}
2025-05-20 17:03:08,609 - INFO - Status Code: 200
2025-05-20 17:03:08,609 - INFO - Response: {'success': False, 'error': 'User not found'}
2025-05-20 17:03:08,610 - INFO - Data sent successfully
2025-05-20 17:03:13,610 - INFO - Sending data: {'user': 3, 'ph': 7.93, 'flow1': 38.38, 'flow2': 17.21, 'flow3': 64.04, 'cod': 155, 'bod': 22, 'tss': 18}
2025-05-20 17:03:13,633 - INFO - Status Code: 200
2025-05-20 17:03:13,633 - INFO - Response: {'success': False, 'error': 'User not found'}
2025-05-20 17:03:13,633 - INFO - Data sent successfully
2025-05-20 17:03:18,633 - INFO - Sending data: {'user': 3, 'ph': 8.1, 'flow1': 82.69, 'flow2': 10.2, 'flow3': 37.91, 'cod': 169, 'bod': 76, 'tss': 68}
2025-05-20 17:03:18,667 - INFO - Status Code: 200
2025-05-20 17:03:18,667 - INFO - Response: {'success': False, 'error': 'User not found'}
2025-05-20 17:03:18,667 - INFO - Data sent successfully
2025-05-20 17:03:23,668 - INFO - Sending data: {'user': 3, 'ph': 7.28, 'flow1': 41.92, 'flow2': 35.25, 'flow3': 91.83, 'cod': 278, 'bod': 46, 'tss': 170}
2025-05-20 17:03:23,707 - INFO - Status Code: 200
2025-05-20 17:03:23,707 - INFO - Response: {'success': False, 'error': 'User not found'}
2025-05-20 17:03:23,708 - INFO - Data sent successfully
2025-05-20 17:03:28,709 - INFO - Sending data: {'user': 3, 'ph': 6.86, 'flow1': 69.98, 'flow2': 15.76, 'flow3': 59.83, 'cod': 217, 'bod': 38, 'tss': 111}
2025-05-20 17:03:28,753 - INFO - Status Code: 200
2025-05-20 17:03:28,753 - INFO - Response: {'success': False, 'error': 'User not found'}
2025-05-20 17:03:28,753 - INFO - Data sent successfully
2025-05-20 17:03:33,755 - INFO - Sending data: {'user': 3, 'ph': 6.53, 'flow1': 49.86, 'flow2': 23.09, 'flow3': 16.99, 'cod': 139, 'bod': 76, 'tss': 171}
2025-05-20 17:03:33,825 - INFO - Status Code: 200
2025-05-20 17:03:33,825 - INFO - Response: {'success': False, 'error': 'User not found'}
2025-05-20 17:03:33,825 - INFO - Data sent successfully
2025-05-20 17:03:38,826 - INFO - Sending data: {'user': 3, 'ph': 6.84, 'flow1': 64.15, 'flow2': 47.55, 'flow3': 32.92, 'cod': 53, 'bod': 56, 'tss': 85}
2025-05-20 17:03:38,885 - INFO - Status Code: 200
2025-05-20 17:03:38,885 - INFO - Response: {'success': False, 'error': 'User not found'}
2025-05-20 17:03:38,885 - INFO - Data sent successfully
2025-05-20 17:03:43,886 - INFO - Sending data: {'user': 3, 'ph': 6.62, 'flow1': 54.02, 'flow2': 48.36, 'flow3': 57.31, 'cod': 282, 'bod': 67, 'tss': 49}
2025-05-20 17:03:43,914 - INFO - Status Code: 200
2025-05-20 17:03:43,914 - INFO - Response: {'success': False, 'error': 'User not found'}
2025-05-20 17:03:43,914 - INFO - Data sent successfully
2025-05-20 17:03:48,916 - INFO - Sending data: {'user': 3, 'ph': 7.72, 'flow1': 75.97, 'flow2': 16.98, 'flow3': 60.47, 'cod': 290, 'bod': 53, 'tss': 89}
2025-05-20 17:03:48,978 - INFO - Status Code: 200
2025-05-20 17:03:48,978 - INFO - Response: {'success': False, 'error': 'User not found'}
2025-05-20 17:03:48,978 - INFO - Data sent successfully
2025-05-20 17:03:53,979 - INFO - Sending data: {'user': 3, 'ph': 6.73, 'flow1': 96.19, 'flow2': 18.6, 'flow3': 91.57, 'cod': 233, 'bod': 64, 'tss': 132}
2025-05-20 17:03:54,039 - INFO - Status Code: 200
2025-05-20 17:03:54,039 - INFO - Response: {'success': False, 'error': 'User not found'}
2025-05-20 17:03:54,039 - INFO - Data sent successfully
2025-05-20 17:03:59,040 - INFO - Sending data: {'user': 3, 'ph': 7.87, 'flow1': 13.25, 'flow2': 15.05, 'flow3': 38.45, 'cod': 68, 'bod': 48, 'tss': 171}
2025-05-20 17:03:59,082 - INFO - Status Code: 200
2025-05-20 17:03:59,082 - INFO - Response: {'success': False, 'error': 'User not found'}
2025-05-20 17:03:59,084 - INFO - Data sent successfully
2025-05-20 17:04:04,084 - INFO - Sending data: {'user': 3, 'ph': 7.75, 'flow1': 37.72, 'flow2': 94.83, 'flow3': 15.95, 'cod': 21, 'bod': 33, 'tss': 75}
2025-05-20 17:04:04,127 - INFO - Status Code: 200
2025-05-20 17:04:04,127 - INFO - Response: {'success': False, 'error': 'User not found'}
2025-05-20 17:04:04,128 - INFO - Data sent successfully
2025-05-20 17:04:09,129 - INFO - Sending data: {'user': 3, 'ph': 6.72, 'flow1': 76.48, 'flow2': 17.78, 'flow3': 56.66, 'cod': 34, 'bod': 39, 'tss': 44}
2025-05-20 17:04:09,148 - INFO - Status Code: 200
2025-05-20 17:04:09,148 - INFO - Response: {'success': False, 'error': 'User not found'}
2025-05-20 17:04:09,148 - INFO - Data sent successfully
2025-05-20 17:04:14,150 - INFO - Sending data: {'user': 3, 'ph': 8.1, 'flow1': 12.99, 'flow2': 71.92, 'flow3': 77.6, 'cod': 106, 'bod': 5, 'tss': 189}
2025-05-20 17:04:14,193 - INFO - Status Code: 200
2025-05-20 17:04:14,194 - INFO - Response: {'success': False, 'error': 'User not found'}
2025-05-20 17:04:14,194 - INFO - Data sent successfully
2025-05-20 17:04:19,194 - INFO - Sending data: {'user': 3, 'ph': 7.5, 'flow1': 42.44, 'flow2': 44.3, 'flow3': 54.49, 'cod': 162, 'bod': 42, 'tss': 49}
2025-05-20 17:04:19,231 - INFO - Status Code: 200
2025-05-20 17:04:19,231 - INFO - Response: {'success': False, 'error': 'User not found'}
2025-05-20 17:04:19,231 - INFO - Data sent successfully
2025-05-20 17:04:24,232 - INFO - Sending data: {'user': 3, 'ph': 7.07, 'flow1': 65.0, 'flow2': 92.6, 'flow3': 94.91, 'cod': 297, 'bod': 29, 'tss': 59}
2025-05-20 17:04:24,275 - INFO - Status Code: 200
2025-05-20 17:04:24,275 - INFO - Response: {'success': False, 'error': 'User not found'}
2025-05-20 17:04:24,275 - INFO - Data sent successfully
2025-05-20 17:04:29,277 - INFO - Sending data: {'user': 3, 'ph': 7.43, 'flow1': 59.75, 'flow2': 91.9, 'flow3': 65.46, 'cod': 77, 'bod': 14, 'tss': 139}
2025-05-20 17:04:29,314 - INFO - Status Code: 200
2025-05-20 17:04:29,314 - INFO - Response: {'success': False, 'error': 'User not found'}
2025-05-20 17:04:29,315 - INFO - Data sent successfully
2025-05-20 17:04:34,315 - INFO - Sending data: {'user': 3, 'ph': 8.34, 'flow1': 93.38, 'flow2': 85.1, 'flow3': 93.88, 'cod': 202, 'bod': 47, 'tss': 181}
2025-05-20 17:04:34,331 - INFO - Status Code: 200
2025-05-20 17:04:34,331 - INFO - Response: {'success': False, 'error': 'User not found'}
2025-05-20 17:04:34,332 - INFO - Data sent successfully
2025-05-20 17:04:39,332 - INFO - Sending data: {'user': 3, 'ph': 8.31, 'flow1': 59.67, 'flow2': 54.52, 'flow3': 60.01, 'cod': 194, 'bod': 31, 'tss': 70}
2025-05-20 17:04:39,359 - INFO - Status Code: 200
2025-05-20 17:04:39,359 - INFO - Response: {'success': False, 'error': 'User not found'}
2025-05-20 17:04:39,359 - INFO - Data sent successfully
2025-05-20 17:04:44,360 - INFO - Sending data: {'user': 3, 'ph': 7.09, 'flow1': 63.16, 'flow2': 31.87, 'flow3': 72.28, 'cod': 236, 'bod': 65, 'tss': 28}
2025-05-20 17:04:44,398 - INFO - Status Code: 200
2025-05-20 17:04:44,398 - INFO - Response: {'success': False, 'error': 'User not found'}
2025-05-20 17:04:44,398 - INFO - Data sent successfully
2025-05-20 17:04:49,400 - INFO - Sending data: {'user': 3, 'ph': 7.82, 'flow1': 82.1, 'flow2': 91.92, 'flow3': 53.94, 'cod': 289, 'bod': 31, 'tss': 151}
2025-05-20 17:04:49,438 - INFO - Status Code: 200
2025-05-20 17:04:49,438 - INFO - Response: {'success': False, 'error': 'User not found'}
2025-05-20 17:04:49,438 - INFO - Data sent successfully
2025-05-20 17:04:54,440 - INFO - Sending data: {'user': 3, 'ph': 8.07, 'flow1': 56.37, 'flow2': 38.57, 'flow3': 62.66, 'cod': 69, 'bod': 31, 'tss': 157}
2025-05-20 17:04:54,484 - INFO - Status Code: 200
2025-05-20 17:04:54,484 - INFO - Response: {'success': False, 'error': 'User not found'}
2025-05-20 17:04:54,484 - INFO - Data sent successfully
2025-05-20 17:04:59,486 - INFO - Sending data: {'user': 3, 'ph': 7.54, 'flow1': 25.07, 'flow2': 46.41, 'flow3': 17.59, 'cod': 177, 'bod': 44, 'tss': 54}
2025-05-20 17:04:59,508 - INFO - Status Code: 200
2025-05-20 17:04:59,508 - INFO - Response: {'success': False, 'error': 'User not found'}
2025-05-20 17:04:59,508 - INFO - Data sent successfully
2025-05-20 17:05:04,510 - INFO - Sending data: {'user': 3, 'ph': 7.7, 'flow1': 89.6, 'flow2': 84.12, 'flow3': 23.15, 'cod': 148, 'bod': 19, 'tss': 21}
2025-05-20 17:05:04,549 - INFO - Status Code: 200
2025-05-20 17:05:04,549 - INFO - Response: {'success': False, 'error': 'User not found'}
2025-05-20 17:05:04,549 - INFO - Data sent successfully
2025-05-20 17:05:09,551 - INFO - Sending data: {'user': 3, 'ph': 8.49, 'flow1': 36.47, 'flow2': 39.65, 'flow3': 61.82, 'cod': 256, 'bod': 28, 'tss': 26}
2025-05-20 17:05:09,592 - INFO - Status Code: 200
2025-05-20 17:05:09,592 - INFO - Response: {'success': False, 'error': 'User not found'}
2025-05-20 17:05:09,592 - INFO - Data sent successfully
2025-05-20 17:05:14,592 - INFO - Sending data: {'user': 3, 'ph': 7.35, 'flow1': 58.97, 'flow2': 41.63, 'flow3': 80.76, 'cod': 59, 'bod': 58, 'tss': 110}
2025-05-20 17:05:14,622 - INFO - Status Code: 200
2025-05-20 17:05:14,622 - INFO - Response: {'success': False, 'error': 'User not found'}
2025-05-20 17:05:14,622 - INFO - Data sent successfully
2025-05-20 17:05:19,623 - INFO - Sending data: {'user': 3, 'ph': 7.46, 'flow1': 54.04, 'flow2': 95.45, 'flow3': 25.17, 'cod': 139, 'bod': 58, 'tss': 154}
2025-05-20 17:05:19,653 - INFO - Status Code: 200
2025-05-20 17:05:19,653 - INFO - Response: {'success': False, 'error': 'User not found'}
2025-05-20 17:05:19,653 - INFO - Data sent successfully
2025-05-20 17:05:24,655 - INFO - Sending data: {'user': 3, 'ph': 7.39, 'flow1': 85.76, 'flow2': 47.31, 'flow3': 59.89, 'cod': 92, 'bod': 34, 'tss': 74}
2025-05-20 17:05:24,679 - INFO - Status Code: 200
2025-05-20 17:05:24,679 - INFO - Response: {'success': False, 'error': 'User not found'}
2025-05-20 17:05:24,679 - INFO - Data sent successfully
2025-05-20 17:05:29,680 - INFO - Sending data: {'user': 3, 'ph': 7.25, 'flow1': 17.82, 'flow2': 86.18, 'flow3': 44.85, 'cod': 77, 'bod': 74, 'tss': 164}
2025-05-20 17:05:29,720 - INFO - Status Code: 200
2025-05-20 17:05:29,720 - INFO - Response: {'success': False, 'error': 'User not found'}
2025-05-20 17:05:29,720 - INFO - Data sent successfully
2025-05-20 17:05:34,722 - INFO - Sending data: {'user': 3, 'ph': 8.41, 'flow1': 24.59, 'flow2': 85.5, 'flow3': 46.69, 'cod': 162, 'bod': 11, 'tss': 20}
2025-05-20 17:05:34,741 - INFO - Status Code: 200
2025-05-20 17:05:34,741 - INFO - Response: {'success': False, 'error': 'User not found'}
2025-05-20 17:05:34,741 - INFO - Data sent successfully
2025-05-20 17:05:39,742 - INFO - Sending data: {'user': 3, 'ph': 6.58, 'flow1': 20.2, 'flow2': 24.77, 'flow3': 76.91, 'cod': 266, 'bod': 68, 'tss': 108}
2025-05-20 17:05:39,773 - INFO - Status Code: 200
2025-05-20 17:05:39,773 - INFO - Response: {'success': False, 'error': 'User not found'}
2025-05-20 17:05:39,773 - INFO - Data sent successfully
2025-05-20 17:05:44,775 - INFO - Sending data: {'user': 3, 'ph': 7.31, 'flow1': 18.0, 'flow2': 38.28, 'flow3': 47.58, 'cod': 245, 'bod': 70, 'tss': 142}
2025-05-20 17:05:44,794 - INFO - Status Code: 200
2025-05-20 17:05:44,794 - INFO - Response: {'success': False, 'error': 'User not found'}
2025-05-20 17:05:44,794 - INFO - Data sent successfully
2025-05-20 17:05:49,795 - INFO - Sending data: {'user': 3, 'ph': 6.59, 'flow1': 61.16, 'flow2': 54.55, 'flow3': 43.38, 'cod': 242, 'bod': 47, 'tss': 18}
2025-05-20 17:05:49,831 - INFO - Status Code: 200
2025-05-20 17:05:49,832 - INFO - Response: {'success': False, 'error': 'User not found'}
2025-05-20 17:05:49,832 - INFO - Data sent successfully
2025-05-20 17:05:54,832 - INFO - Sending data: {'user': 3, 'ph': 6.7, 'flow1': 65.06, 'flow2': 32.56, 'flow3': 95.9, 'cod': 255, 'bod': 73, 'tss': 80}
2025-05-20 17:05:54,859 - INFO - Status Code: 200
2025-05-20 17:05:54,859 - INFO - Response: {'success': False, 'error': 'User not found'}
2025-05-20 17:05:54,859 - INFO - Data sent successfully
2025-05-20 17:05:59,860 - INFO - Sending data: {'user': 3, 'ph': 7.6, 'flow1': 15.68, 'flow2': 58.58, 'flow3': 51.34, 'cod': 273, 'bod': 68, 'tss': 44}
2025-05-20 17:05:59,888 - INFO - Status Code: 200
2025-05-20 17:05:59,889 - INFO - Response: {'success': False, 'error': 'User not found'}
2025-05-20 17:05:59,889 - INFO - Data sent successfully
2025-05-20 17:06:04,890 - INFO - Sending data: {'user': 3, 'ph': 6.95, 'flow1': 46.33, 'flow2': 86.21, 'flow3': 14.82, 'cod': 275, 'bod': 65, 'tss': 15}
2025-05-20 17:06:04,926 - INFO - Status Code: 200
2025-05-20 17:06:04,926 - INFO - Response: {'success': False, 'error': 'User not found'}
2025-05-20 17:06:04,926 - INFO - Data sent successfully
2025-05-20 17:06:09,927 - INFO - Sending data: {'user': 3, 'ph': 7.01, 'flow1': 57.81, 'flow2': 54.24, 'flow3': 92.67, 'cod': 283, 'bod': 10, 'tss': 47}
2025-05-20 17:06:09,970 - INFO - Status Code: 200
2025-05-20 17:06:09,970 - INFO - Response: {'success': False, 'error': 'User not found'}
2025-05-20 17:06:09,970 - INFO - Data sent successfully
2025-05-20 17:06:14,971 - INFO - Sending data: {'user': 3, 'ph': 7.07, 'flow1': 49.52, 'flow2': 32.87, 'flow3': 40.01, 'cod': 25, 'bod': 8, 'tss': 119}
2025-05-20 17:06:15,001 - INFO - Status Code: 200
2025-05-20 17:06:15,001 - INFO - Response: {'success': False, 'error': 'User not found'}
2025-05-20 17:06:15,001 - INFO - Data sent successfully
2025-05-20 17:06:20,002 - INFO - Sending data: {'user': 3, 'ph': 8.36, 'flow1': 77.67, 'flow2': 95.35, 'flow3': 93.94, 'cod': 101, 'bod': 54, 'tss': 146}
2025-05-20 17:06:20,041 - INFO - Status Code: 200
2025-05-20 17:06:20,041 - INFO - Response: {'success': False, 'error': 'User not found'}
2025-05-20 17:06:20,041 - INFO - Data sent successfully
2025-05-20 17:06:25,043 - INFO - Sending data: {'user': 3, 'ph': 6.65, 'flow1': 50.25, 'flow2': 78.61, 'flow3': 67.01, 'cod': 105, 'bod': 11, 'tss': 33}
2025-05-20 17:06:25,081 - INFO - Status Code: 200
2025-05-20 17:06:25,082 - INFO - Response: {'success': False, 'error': 'User not found'}
2025-05-20 17:06:25,082 - INFO - Data sent successfully
2025-05-20 17:06:30,083 - INFO - Sending data: {'user': 3, 'ph': 6.84, 'flow1': 97.7, 'flow2': 74.02, 'flow3': 77.22, 'cod': 43, 'bod': 42, 'tss': 190}
2025-05-20 17:06:30,102 - INFO - Status Code: 200
2025-05-20 17:06:30,102 - INFO - Response: {'success': False, 'error': 'User not found'}
2025-05-20 17:06:30,102 - INFO - Data sent successfully
2025-05-20 17:06:35,103 - INFO - Sending data: {'user': 3, 'ph': 8.29, 'flow1': 64.52, 'flow2': 98.13, 'flow3': 33.87, 'cod': 243, 'bod': 72, 'tss': 97}
2025-05-20 17:06:35,137 - INFO - Status Code: 200
2025-05-20 17:06:35,138 - INFO - Response: {'success': False, 'error': 'User not found'}
2025-05-20 17:06:35,138 - INFO - Data sent successfully
2025-05-20 17:06:40,139 - INFO - Sending data: {'user': 3, 'ph': 6.91, 'flow1': 88.85, 'flow2': 65.28, 'flow3': 20.31, 'cod': 109, 'bod': 78, 'tss': 136}
2025-05-20 17:06:40,162 - INFO - Status Code: 200
2025-05-20 17:06:40,162 - INFO - Response: {'success': False, 'error': 'User not found'}
2025-05-20 17:06:40,162 - INFO - Data sent successfully
2025-05-20 17:06:45,163 - INFO - Sending data: {'user': 3, 'ph': 7.88, 'flow1': 21.56, 'flow2': 36.91, 'flow3': 13.17, 'cod': 26, 'bod': 54, 'tss': 105}
2025-05-20 17:06:45,205 - INFO - Status Code: 200
2025-05-20 17:06:45,206 - INFO - Response: {'success': False, 'error': 'User not found'}
2025-05-20 17:06:45,206 - INFO - Data sent successfully
2025-05-20 17:06:50,207 - INFO - Sending data: {'user': 3, 'ph': 7.94, 'flow1': 88.53, 'flow2': 54.22, 'flow3': 55.31, 'cod': 96, 'bod': 14, 'tss': 129}
2025-05-20 17:06:50,245 - INFO - Status Code: 200
2025-05-20 17:06:50,245 - INFO - Response: {'success': False, 'error': 'User not found'}
2025-05-20 17:06:50,245 - INFO - Data sent successfully
2025-05-20 17:06:55,246 - INFO - Sending data: {'user': 3, 'ph': 7.29, 'flow1': 10.85, 'flow2': 16.97, 'flow3': 21.04, 'cod': 252, 'bod': 72, 'tss': 47}
2025-05-20 17:06:55,282 - INFO - Status Code: 200
2025-05-20 17:06:55,282 - INFO - Response: {'success': False, 'error': 'User not found'}
2025-05-20 17:06:55,283 - INFO - Data sent successfully
2025-05-20 17:07:00,284 - INFO - Sending data: {'user': 3, 'ph': 7.87, 'flow1': 32.33, 'flow2': 34.64, 'flow3': 46.79, 'cod': 281, 'bod': 76, 'tss': 42}
2025-05-20 17:07:00,326 - INFO - Status Code: 200
2025-05-20 17:07:00,326 - INFO - Response: {'success': False, 'error': 'User not found'}
2025-05-20 17:07:00,326 - INFO - Data sent successfully
2025-05-20 17:07:05,328 - INFO - Sending data: {'user': 3, 'ph': 7.69, 'flow1': 61.42, 'flow2': 50.39, 'flow3': 84.97, 'cod': 277, 'bod': 34, 'tss': 38}
2025-05-20 17:07:05,362 - INFO - Status Code: 200
2025-05-20 17:07:05,362 - INFO - Response: {'success': False, 'error': 'User not found'}
2025-05-20 17:07:05,362 - INFO - Data sent successfully
2025-05-20 17:07:10,364 - INFO - Sending data: {'user': 3, 'ph': 7.29, 'flow1': 23.84, 'flow2': 68.16, 'flow3': 98.95, 'cod': 114, 'bod': 53, 'tss': 106}
2025-05-20 17:07:10,392 - INFO - Status Code: 200
2025-05-20 17:07:10,392 - INFO - Response: {'success': False, 'error': 'User not found'}
2025-05-20 17:07:10,392 - INFO - Data sent successfully
2025-05-20 17:07:15,393 - INFO - Sending data: {'user': 3, 'ph': 6.54, 'flow1': 59.91, 'flow2': 69.35, 'flow3': 57.41, 'cod': 129, 'bod': 27, 'tss': 139}
2025-05-20 17:07:15,428 - INFO - Status Code: 200
2025-05-20 17:07:15,429 - INFO - Response: {'success': False, 'error': 'User not found'}
2025-05-20 17:07:15,429 - INFO - Data sent successfully
2025-05-20 17:07:20,429 - INFO - Sending data: {'user': 3, 'ph': 6.81, 'flow1': 86.99, 'flow2': 21.55, 'flow3': 17.74, 'cod': 23, 'bod': 20, 'tss': 151}
2025-05-20 17:07:20,464 - INFO - Status Code: 200
2025-05-20 17:07:20,464 - INFO - Response: {'success': False, 'error': 'User not found'}
2025-05-20 17:07:20,465 - INFO - Data sent successfully
2025-05-20 17:07:25,465 - INFO - Sending data: {'user': 3, 'ph': 6.96, 'flow1': 25.44, 'flow2': 80.91, 'flow3': 14.18, 'cod': 59, 'bod': 38, 'tss': 164}
2025-05-20 17:07:25,524 - INFO - Status Code: 200
2025-05-20 17:07:25,524 - INFO - Response: {'success': False, 'error': 'User not found'}
2025-05-20 17:07:25,524 - INFO - Data sent successfully
2025-05-20 17:07:30,525 - INFO - Sending data: {'user': 3, 'ph': 7.49, 'flow1': 88.09, 'flow2': 70.51, 'flow3': 34.69, 'cod': 80, 'bod': 49, 'tss': 174}
2025-05-20 17:07:30,564 - INFO - Status Code: 200
2025-05-20 17:07:30,564 - INFO - Response: {'success': False, 'error': 'User not found'}
2025-05-20 17:07:30,564 - INFO - Data sent successfully
2025-05-20 17:07:35,565 - INFO - Sending data: {'user': 3, 'ph': 7.48, 'flow1': 93.97, 'flow2': 79.87, 'flow3': 92.62, 'cod': 41, 'bod': 9, 'tss': 166}
2025-05-20 17:07:35,606 - INFO - Status Code: 200
2025-05-20 17:07:35,606 - INFO - Response: {'success': False, 'error': 'User not found'}
2025-05-20 17:07:35,606 - INFO - Data sent successfully
2025-05-20 17:07:40,607 - INFO - Sending data: {'user': 3, 'ph': 8.49, 'flow1': 51.64, 'flow2': 30.88, 'flow3': 85.89, 'cod': 126, 'bod': 51, 'tss': 196}
2025-05-20 17:07:40,662 - INFO - Status Code: 200
2025-05-20 17:07:40,662 - INFO - Response: {'success': False, 'error': 'User not found'}
2025-05-20 17:07:40,662 - INFO - Data sent successfully
2025-05-20 17:07:45,663 - INFO - Sending data: {'user': 3, 'ph': 7.1, 'flow1': 75.27, 'flow2': 40.69, 'flow3': 51.47, 'cod': 54, 'bod': 20, 'tss': 75}
2025-05-20 17:07:45,697 - INFO - Status Code: 200
2025-05-20 17:07:45,698 - INFO - Response: {'success': False, 'error': 'User not found'}
2025-05-20 17:07:45,698 - INFO - Data sent successfully
2025-05-20 17:07:50,699 - INFO - Sending data: {'user': 3, 'ph': 7.51, 'flow1': 43.6, 'flow2': 55.96, 'flow3': 48.16, 'cod': 93, 'bod': 75, 'tss': 84}
2025-05-20 17:07:50,733 - INFO - Status Code: 200
2025-05-20 17:07:50,733 - INFO - Response: {'success': False, 'error': 'User not found'}
2025-05-20 17:07:50,733 - INFO - Data sent successfully
2025-05-20 17:07:55,734 - INFO - Sending data: {'user': 3, 'ph': 8.02, 'flow1': 85.36, 'flow2': 78.3, 'flow3': 29.47, 'cod': 151, 'bod': 25, 'tss': 78}
2025-05-20 17:07:55,755 - INFO - Status Code: 200
2025-05-20 17:07:55,755 - INFO - Response: {'success': False, 'error': 'User not found'}
2025-05-20 17:07:55,755 - INFO - Data sent successfully
2025-05-20 17:08:00,756 - INFO - Sending data: {'user': 3, 'ph': 8.24, 'flow1': 85.71, 'flow2': 51.68, 'flow3': 54.41, 'cod': 267, 'bod': 19, 'tss': 20}
2025-05-20 17:08:00,833 - INFO - Status Code: 200
2025-05-20 17:08:00,833 - INFO - Response: {'success': False, 'error': 'User not found'}
2025-05-20 17:08:00,834 - INFO - Data sent successfully
2025-05-20 17:08:05,835 - INFO - Sending data: {'user': 3, 'ph': 6.73, 'flow1': 18.21, 'flow2': 56.73, 'flow3': 80.27, 'cod': 183, 'bod': 71, 'tss': 152}
2025-05-20 17:08:05,911 - INFO - Status Code: 200
2025-05-20 17:08:05,911 - INFO - Response: {'success': False, 'error': 'User not found'}
2025-05-20 17:08:05,911 - INFO - Data sent successfully
2025-05-20 17:08:10,913 - INFO - Sending data: {'user': 3, 'ph': 7.52, 'flow1': 16.79, 'flow2': 19.77, 'flow3': 36.33, 'cod': 132, 'bod': 26, 'tss': 154}
2025-05-20 17:08:10,942 - INFO - Status Code: 200
2025-05-20 17:08:10,942 - INFO - Response: {'success': False, 'error': 'User not found'}
2025-05-20 17:08:10,942 - INFO - Data sent successfully
2025-05-20 17:08:15,943 - INFO - Sending data: {'user': 3, 'ph': 8.14, 'flow1': 94.57, 'flow2': 95.76, 'flow3': 47.18, 'cod': 292, 'bod': 49, 'tss': 167}
2025-05-20 17:08:15,984 - INFO - Status Code: 200
2025-05-20 17:08:15,984 - INFO - Response: {'success': False, 'error': 'User not found'}
2025-05-20 17:08:15,984 - INFO - Data sent successfully
2025-05-20 17:08:20,986 - INFO - Sending data: {'user': 3, 'ph': 6.78, 'flow1': 44.29, 'flow2': 97.61, 'flow3': 94.21, 'cod': 113, 'bod': 48, 'tss': 148}
2025-05-20 17:08:21,062 - INFO - Status Code: 200
2025-05-20 17:08:21,063 - INFO - Response: {'success': False, 'error': 'User not found'}
2025-05-20 17:08:21,063 - INFO - Data sent successfully
2025-05-20 17:08:26,064 - INFO - Sending data: {'user': 3, 'ph': 6.7, 'flow1': 84.24, 'flow2': 48.88, 'flow3': 39.05, 'cod': 152, 'bod': 14, 'tss': 181}
2025-05-20 17:08:26,098 - INFO - Status Code: 200
2025-05-20 17:08:26,098 - INFO - Response: {'success': False, 'error': 'User not found'}
2025-05-20 17:08:26,099 - INFO - Data sent successfully
2025-05-20 17:08:31,099 - INFO - Sending data: {'user': 3, 'ph': 7.43, 'flow1': 35.84, 'flow2': 97.18, 'flow3': 77.38, 'cod': 125, 'bod': 47, 'tss': 147}
2025-05-20 17:08:31,177 - INFO - Status Code: 200
2025-05-20 17:08:31,177 - INFO - Response: {'success': False, 'error': 'User not found'}
2025-05-20 17:08:31,178 - INFO - Data sent successfully
2025-05-20 17:08:36,179 - INFO - Sending data: {'user': 3, 'ph': 7.13, 'flow1': 34.96, 'flow2': 39.13, 'flow3': 30.52, 'cod': 142, 'bod': 10, 'tss': 74}
2025-05-20 17:08:36,219 - INFO - Status Code: 200
2025-05-20 17:08:36,220 - INFO - Response: {'success': False, 'error': 'User not found'}
2025-05-20 17:08:36,220 - INFO - Data sent successfully
2025-05-20 17:08:41,221 - INFO - Sending data: {'user': 3, 'ph': 7.05, 'flow1': 21.2, 'flow2': 80.77, 'flow3': 76.12, 'cod': 276, 'bod': 46, 'tss': 199}
2025-05-20 17:08:41,291 - INFO - Status Code: 200
2025-05-20 17:08:41,291 - INFO - Response: {'success': False, 'error': 'User not found'}
2025-05-20 17:08:41,293 - INFO - Data sent successfully
2025-05-20 17:08:46,294 - INFO - Sending data: {'user': 3, 'ph': 7.28, 'flow1': 42.33, 'flow2': 31.66, 'flow3': 94.6, 'cod': 22, 'bod': 64, 'tss': 80}
2025-05-20 17:08:46,328 - INFO - Status Code: 200
2025-05-20 17:08:46,328 - INFO - Response: {'success': False, 'error': 'User not found'}
2025-05-20 17:08:46,328 - INFO - Data sent successfully
2025-05-20 17:08:51,329 - INFO - Sending data: {'user': 3, 'ph': 7.9, 'flow1': 59.0, 'flow2': 94.52, 'flow3': 18.02, 'cod': 20, 'bod': 18, 'tss': 160}
2025-05-20 17:08:51,363 - INFO - Status Code: 200
2025-05-20 17:08:51,363 - INFO - Response: {'success': False, 'error': 'User not found'}
2025-05-20 17:08:51,363 - INFO - Data sent successfully
2025-05-20 17:08:56,364 - INFO - Sending data: {'user': 3, 'ph': 8.26, 'flow1': 12.3, 'flow2': 82.21, 'flow3': 14.6, 'cod': 185, 'bod': 9, 'tss': 104}
2025-05-20 17:08:56,401 - INFO - Status Code: 200
2025-05-20 17:08:56,402 - INFO - Response: {'success': False, 'error': 'User not found'}
2025-05-20 17:08:56,402 - INFO - Data sent successfully
2025-05-20 17:09:01,403 - INFO - Sending data: {'user': 3, 'ph': 8.0, 'flow1': 80.63, 'flow2': 70.59, 'flow3': 93.74, 'cod': 64, 'bod': 59, 'tss': 70}
2025-05-20 17:09:01,440 - INFO - Status Code: 200
2025-05-20 17:09:01,440 - INFO - Response: {'success': False, 'error': 'User not found'}
2025-05-20 17:09:01,440 - INFO - Data sent successfully
2025-05-20 17:09:06,441 - INFO - Sending data: {'user': 3, 'ph': 8.3, 'flow1': 10.07, 'flow2': 35.86, 'flow3': 23.46, 'cod': 21, 'bod': 21, 'tss': 96}
2025-05-20 17:09:06,477 - INFO - Status Code: 200
2025-05-20 17:09:06,477 - INFO - Response: {'success': False, 'error': 'User not found'}
2025-05-20 17:09:06,477 - INFO - Data sent successfully
2025-05-20 17:09:11,478 - INFO - Sending data: {'user': 3, 'ph': 7.28, 'flow1': 35.52, 'flow2': 42.55, 'flow3': 11.2, 'cod': 239, 'bod': 65, 'tss': 146}
2025-05-20 17:09:11,516 - INFO - Status Code: 200
2025-05-20 17:09:11,517 - INFO - Response: {'success': False, 'error': 'User not found'}
2025-05-20 17:09:11,517 - INFO - Data sent successfully
2025-05-20 17:09:16,518 - INFO - Sending data: {'user': 3, 'ph': 7.89, 'flow1': 89.59, 'flow2': 86.49, 'flow3': 89.84, 'cod': 134, 'bod': 69, 'tss': 54}
2025-05-20 17:09:16,537 - INFO - Status Code: 200
2025-05-20 17:09:16,537 - INFO - Response: {'success': False, 'error': 'User not found'}
2025-05-20 17:09:16,537 - INFO - Data sent successfully
2025-05-20 17:09:21,538 - INFO - Sending data: {'user': 3, 'ph': 8.06, 'flow1': 62.23, 'flow2': 21.8, 'flow3': 76.76, 'cod': 188, 'bod': 51, 'tss': 61}
2025-05-20 17:09:21,577 - INFO - Status Code: 200
2025-05-20 17:09:21,578 - INFO - Response: {'success': False, 'error': 'User not found'}
2025-05-20 17:09:21,578 - INFO - Data sent successfully
2025-05-20 17:09:26,579 - INFO - Sending data: {'user': 3, 'ph': 6.63, 'flow1': 65.31, 'flow2': 36.85, 'flow3': 72.68, 'cod': 207, 'bod': 28, 'tss': 46}
2025-05-20 17:09:26,615 - INFO - Status Code: 200
2025-05-20 17:09:26,615 - INFO - Response: {'success': False, 'error': 'User not found'}
2025-05-20 17:09:26,615 - INFO - Data sent successfully
2025-05-20 17:09:31,617 - INFO - Sending data: {'user': 3, 'ph': 7.46, 'flow1': 19.21, 'flow2': 28.02, 'flow3': 63.98, 'cod': 65, 'bod': 65, 'tss': 61}
2025-05-20 17:09:31,656 - INFO - Status Code: 200
2025-05-20 17:09:31,656 - INFO - Response: {'success': False, 'error': 'User not found'}
2025-05-20 17:09:31,656 - INFO - Data sent successfully
2025-05-20 17:09:36,658 - INFO - Sending data: {'user': 3, 'ph': 6.67, 'flow1': 51.94, 'flow2': 60.04, 'flow3': 60.79, 'cod': 60, 'bod': 18, 'tss': 167}
2025-05-20 17:09:36,693 - INFO - Status Code: 200
2025-05-20 17:09:36,695 - INFO - Response: {'success': False, 'error': 'User not found'}
2025-05-20 17:09:36,695 - INFO - Data sent successfully
2025-05-20 17:09:41,696 - INFO - Sending data: {'user': 3, 'ph': 7.47, 'flow1': 29.08, 'flow2': 64.08, 'flow3': 34.44, 'cod': 149, 'bod': 22, 'tss': 104}
2025-05-20 17:09:41,733 - INFO - Status Code: 200
2025-05-20 17:09:41,733 - INFO - Response: {'success': False, 'error': 'User not found'}
2025-05-20 17:09:41,733 - INFO - Data sent successfully
2025-05-20 17:09:46,734 - INFO - Sending data: {'user': 3, 'ph': 8.37, 'flow1': 49.84, 'flow2': 38.18, 'flow3': 71.56, 'cod': 237, 'bod': 39, 'tss': 44}
2025-05-20 17:09:46,771 - INFO - Status Code: 200
2025-05-20 17:09:46,771 - INFO - Response: {'success': False, 'error': 'User not found'}
2025-05-20 17:09:46,771 - INFO - Data sent successfully
2025-05-20 17:09:51,773 - INFO - Sending data: {'user': 3, 'ph': 7.57, 'flow1': 55.85, 'flow2': 48.59, 'flow3': 60.73, 'cod': 184, 'bod': 69, 'tss': 185}
2025-05-20 17:09:51,848 - INFO - Status Code: 200
2025-05-20 17:09:51,848 - INFO - Response: {'success': False, 'error': 'User not found'}
2025-05-20 17:09:51,848 - INFO - Data sent successfully
2025-05-20 17:09:56,850 - INFO - Sending data: {'user': 3, 'ph': 7.54, 'flow1': 47.28, 'flow2': 16.02, 'flow3': 91.37, 'cod': 64, 'bod': 25, 'tss': 149}
2025-05-20 17:09:56,930 - INFO - Status Code: 200
2025-05-20 17:09:56,930 - INFO - Response: {'success': False, 'error': 'User not found'}
2025-05-20 17:09:56,930 - INFO - Data sent successfully
2025-05-20 17:10:01,931 - INFO - Sending data: {'user': 3, 'ph': 8.32, 'flow1': 69.69, 'flow2': 71.62, 'flow3': 56.67, 'cod': 260, 'bod': 30, 'tss': 184}
2025-05-20 17:10:01,970 - INFO - Status Code: 200
2025-05-20 17:10:01,971 - INFO - Response: {'success': False, 'error': 'User not found'}
2025-05-20 17:10:01,971 - INFO - Data sent successfully
2025-05-20 17:10:06,972 - INFO - Sending data: {'user': 3, 'ph': 7.29, 'flow1': 98.54, 'flow2': 27.54, 'flow3': 57.46, 'cod': 213, 'bod': 70, 'tss': 185}
2025-05-20 17:10:07,029 - INFO - Status Code: 200
2025-05-20 17:10:07,030 - INFO - Response: {'success': False, 'error': 'User not found'}
2025-05-20 17:10:07,030 - INFO - Data sent successfully
2025-05-20 17:10:12,031 - INFO - Sending data: {'user': 3, 'ph': 7.4, 'flow1': 83.11, 'flow2': 92.03, 'flow3': 14.38, 'cod': 214, 'bod': 11, 'tss': 113}
2025-05-20 17:10:12,073 - INFO - Status Code: 200
2025-05-20 17:10:12,073 - INFO - Response: {'success': False, 'error': 'User not found'}
2025-05-20 17:10:12,073 - INFO - Data sent successfully
2025-05-20 17:10:17,075 - INFO - Sending data: {'user': 3, 'ph': 8.01, 'flow1': 22.32, 'flow2': 85.05, 'flow3': 52.37, 'cod': 132, 'bod': 55, 'tss': 31}
2025-05-20 17:10:17,116 - INFO - Status Code: 200
2025-05-20 17:10:17,116 - INFO - Response: {'success': False, 'error': 'User not found'}
2025-05-20 17:10:17,116 - INFO - Data sent successfully
2025-05-20 17:10:22,118 - INFO - Sending data: {'user': 3, 'ph': 7.38, 'flow1': 15.31, 'flow2': 29.79, 'flow3': 94.76, 'cod': 243, 'bod': 63, 'tss': 31}
2025-05-20 17:10:22,174 - INFO - Status Code: 200
2025-05-20 17:10:22,174 - INFO - Response: {'success': False, 'error': 'User not found'}
2025-05-20 17:10:22,174 - INFO - Data sent successfully
2025-05-20 17:10:27,175 - INFO - Sending data: {'user': 3, 'ph': 8.29, 'flow1': 10.98, 'flow2': 11.72, 'flow3': 80.19, 'cod': 131, 'bod': 22, 'tss': 132}
2025-05-20 17:10:27,213 - INFO - Status Code: 200
2025-05-20 17:10:27,213 - INFO - Response: {'success': False, 'error': 'User not found'}
2025-05-20 17:10:27,213 - INFO - Data sent successfully
2025-05-20 17:10:32,214 - INFO - Sending data: {'user': 3, 'ph': 6.75, 'flow1': 19.34, 'flow2': 45.69, 'flow3': 82.26, 'cod': 47, 'bod': 40, 'tss': 156}
2025-05-20 17:10:32,290 - INFO - Status Code: 200
2025-05-20 17:10:32,290 - INFO - Response: {'success': False, 'error': 'User not found'}
2025-05-20 17:10:32,290 - INFO - Data sent successfully
2025-05-20 17:10:37,291 - INFO - Sending data: {'user': 3, 'ph': 8.22, 'flow1': 21.66, 'flow2': 90.86, 'flow3': 50.66, 'cod': 139, 'bod': 60, 'tss': 176}
2025-05-20 17:10:37,345 - INFO - Status Code: 200
2025-05-20 17:10:37,345 - INFO - Response: {'success': False, 'error': 'User not found'}
2025-05-20 17:10:37,345 - INFO - Data sent successfully
2025-05-20 17:10:42,347 - INFO - Sending data: {'user': 3, 'ph': 8.07, 'flow1': 45.31, 'flow2': 43.9, 'flow3': 21.73, 'cod': 236, 'bod': 6, 'tss': 102}
2025-05-20 17:10:42,424 - INFO - Status Code: 200
2025-05-20 17:10:42,425 - INFO - Response: {'success': False, 'error': 'User not found'}
2025-05-20 17:10:42,425 - INFO - Data sent successfully
2025-05-20 17:10:47,426 - INFO - Sending data: {'user': 3, 'ph': 7.72, 'flow1': 23.36, 'flow2': 14.3, 'flow3': 90.11, 'cod': 291, 'bod': 49, 'tss': 140}
2025-05-20 17:10:47,453 - INFO - Status Code: 200
2025-05-20 17:10:47,453 - INFO - Response: {'success': False, 'error': 'User not found'}
2025-05-20 17:10:47,453 - INFO - Data sent successfully
2025-05-20 17:10:52,455 - INFO - Sending data: {'user': 3, 'ph': 6.63, 'flow1': 90.65, 'flow2': 93.37, 'flow3': 72.54, 'cod': 201, 'bod': 38, 'tss': 120}
2025-05-20 17:10:52,472 - INFO - Status Code: 200
2025-05-20 17:10:52,472 - INFO - Response: {'success': False, 'error': 'User not found'}
2025-05-20 17:10:52,472 - INFO - Data sent successfully
2025-05-20 17:10:57,473 - INFO - Sending data: {'user': 3, 'ph': 6.77, 'flow1': 85.68, 'flow2': 29.94, 'flow3': 78.26, 'cod': 126, 'bod': 57, 'tss': 12}
2025-05-20 17:10:57,511 - INFO - Status Code: 200
2025-05-20 17:10:57,512 - INFO - Response: {'success': False, 'error': 'User not found'}
2025-05-20 17:10:57,512 - INFO - Data sent successfully
2025-05-20 17:11:02,513 - INFO - Sending data: {'user': 3, 'ph': 7.88, 'flow1': 76.1, 'flow2': 42.84, 'flow3': 11.6, 'cod': 294, 'bod': 11, 'tss': 169}
2025-05-20 17:11:02,550 - INFO - Status Code: 200
2025-05-20 17:11:02,550 - INFO - Response: {'success': False, 'error': 'User not found'}
2025-05-20 17:11:02,550 - INFO - Data sent successfully
2025-05-20 17:11:07,551 - INFO - Sending data: {'user': 3, 'ph': 7.48, 'flow1': 66.47, 'flow2': 80.71, 'flow3': 75.89, 'cod': 269, 'bod': 29, 'tss': 181}
2025-05-20 17:11:07,569 - INFO - Status Code: 200
2025-05-20 17:11:07,569 - INFO - Response: {'success': False, 'error': 'User not found'}
2025-05-20 17:11:07,569 - INFO - Data sent successfully
2025-05-20 17:11:12,571 - INFO - Sending data: {'user': 3, 'ph': 8.05, 'flow1': 91.71, 'flow2': 16.52, 'flow3': 10.14, 'cod': 285, 'bod': 65, 'tss': 58}
2025-05-20 17:11:12,607 - INFO - Status Code: 200
2025-05-20 17:11:12,607 - INFO - Response: {'success': False, 'error': 'User not found'}
2025-05-20 17:11:12,607 - INFO - Data sent successfully
2025-05-20 17:11:17,608 - INFO - Sending data: {'user': 3, 'ph': 7.7, 'flow1': 95.15, 'flow2': 37.99, 'flow3': 12.52, 'cod': 204, 'bod': 43, 'tss': 48}
2025-05-20 17:11:17,641 - INFO - Status Code: 200
2025-05-20 17:11:17,641 - INFO - Response: {'success': False, 'error': 'User not found'}
2025-05-20 17:11:17,641 - INFO - Data sent successfully
2025-05-20 17:11:22,642 - INFO - Sending data: {'user': 3, 'ph': 6.97, 'flow1': 88.31, 'flow2': 69.06, 'flow3': 50.09, 'cod': 270, 'bod': 35, 'tss': 110}
2025-05-20 17:11:22,713 - INFO - Status Code: 200
2025-05-20 17:11:22,713 - INFO - Response: {'success': False, 'error': 'User not found'}
2025-05-20 17:11:22,713 - INFO - Data sent successfully
2025-05-20 17:11:27,715 - INFO - Sending data: {'user': 3, 'ph': 7.4, 'flow1': 79.92, 'flow2': 53.82, 'flow3': 65.17, 'cod': 90, 'bod': 80, 'tss': 159}
2025-05-20 17:11:27,756 - INFO - Status Code: 200
2025-05-20 17:11:27,757 - INFO - Response: {'success': False, 'error': 'User not found'}
2025-05-20 17:11:27,757 - INFO - Data sent successfully
2025-05-20 17:11:32,757 - INFO - Sending data: {'user': 3, 'ph': 6.92, 'flow1': 41.78, 'flow2': 34.48, 'flow3': 20.1, 'cod': 265, 'bod': 33, 'tss': 88}
2025-05-20 17:11:32,802 - INFO - Status Code: 200
2025-05-20 17:11:32,802 - INFO - Response: {'success': False, 'error': 'User not found'}
2025-05-20 17:11:32,804 - INFO - Data sent successfully
2025-05-20 17:11:37,805 - INFO - Sending data: {'user': 3, 'ph': 7.94, 'flow1': 81.85, 'flow2': 10.75, 'flow3': 97.12, 'cod': 230, 'bod': 7, 'tss': 153}
2025-05-20 17:11:37,850 - INFO - Status Code: 200
2025-05-20 17:11:37,850 - INFO - Response: {'success': False, 'error': 'User not found'}
2025-05-20 17:11:37,850 - INFO - Data sent successfully
2025-05-20 17:11:42,852 - INFO - Sending data: {'user': 3, 'ph': 8.1, 'flow1': 57.94, 'flow2': 28.46, 'flow3': 70.34, 'cod': 55, 'bod': 71, 'tss': 200}
2025-05-20 17:11:42,881 - INFO - Status Code: 200
2025-05-20 17:11:42,881 - INFO - Response: {'success': False, 'error': 'User not found'}
2025-05-20 17:11:42,881 - INFO - Data sent successfully
2025-05-20 17:11:47,882 - INFO - Sending data: {'user': 3, 'ph': 7.51, 'flow1': 49.05, 'flow2': 98.63, 'flow3': 62.93, 'cod': 116, 'bod': 14, 'tss': 69}
2025-05-20 17:11:47,900 - INFO - Status Code: 200
2025-05-20 17:11:47,900 - INFO - Response: {'success': False, 'error': 'User not found'}
2025-05-20 17:11:47,900 - INFO - Data sent successfully
2025-05-20 17:11:52,901 - INFO - Sending data: {'user': 3, 'ph': 7.25, 'flow1': 16.15, 'flow2': 80.55, 'flow3': 38.74, 'cod': 190, 'bod': 61, 'tss': 187}
2025-05-20 17:11:52,947 - INFO - Status Code: 200
2025-05-20 17:11:52,947 - INFO - Response: {'success': False, 'error': 'User not found'}
2025-05-20 17:11:52,947 - INFO - Data sent successfully
2025-05-20 17:11:57,949 - INFO - Sending data: {'user': 3, 'ph': 8.17, 'flow1': 86.19, 'flow2': 85.07, 'flow3': 69.2, 'cod': 94, 'bod': 7, 'tss': 91}
2025-05-20 17:11:57,975 - INFO - Status Code: 200
2025-05-20 17:11:57,975 - INFO - Response: {'success': False, 'error': 'User not found'}
2025-05-20 17:11:57,975 - INFO - Data sent successfully
2025-05-20 17:12:02,977 - INFO - Sending data: {'user': 3, 'ph': 6.65, 'flow1': 62.65, 'flow2': 26.81, 'flow3': 16.12, 'cod': 35, 'bod': 77, 'tss': 67}
2025-05-20 17:12:03,019 - INFO - Status Code: 200
2025-05-20 17:12:03,020 - INFO - Response: {'success': False, 'error': 'User not found'}
2025-05-20 17:12:03,020 - INFO - Data sent successfully
2025-05-20 17:12:08,021 - INFO - Sending data: {'user': 3, 'ph': 7.93, 'flow1': 65.32, 'flow2': 42.75, 'flow3': 92.16, 'cod': 260, 'bod': 25, 'tss': 59}
2025-05-20 17:12:08,045 - INFO - Status Code: 200
2025-05-20 17:12:08,045 - INFO - Response: {'success': False, 'error': 'User not found'}
2025-05-20 17:12:08,045 - INFO - Data sent successfully
2025-05-20 17:12:13,045 - INFO - Sending data: {'user': 3, 'ph': 8.13, 'flow1': 82.55, 'flow2': 77.32, 'flow3': 86.18, 'cod': 93, 'bod': 48, 'tss': 90}
2025-05-20 17:12:13,083 - INFO - Status Code: 200
2025-05-20 17:12:13,083 - INFO - Response: {'success': False, 'error': 'User not found'}
2025-05-20 17:12:13,083 - INFO - Data sent successfully
2025-05-20 17:12:18,084 - INFO - Sending data: {'user': 3, 'ph': 7.42, 'flow1': 13.55, 'flow2': 95.0, 'flow3': 92.86, 'cod': 220, 'bod': 78, 'tss': 61}
2025-05-20 17:12:18,119 - INFO - Status Code: 200
2025-05-20 17:12:18,119 - INFO - Response: {'success': False, 'error': 'User not found'}
2025-05-20 17:12:18,119 - INFO - Data sent successfully
2025-05-20 17:12:23,121 - INFO - Sending data: {'user': 3, 'ph': 7.23, 'flow1': 42.1, 'flow2': 58.48, 'flow3': 51.96, 'cod': 82, 'bod': 73, 'tss': 92}
2025-05-20 17:12:23,161 - INFO - Status Code: 200
2025-05-20 17:12:23,161 - INFO - Response: {'success': False, 'error': 'User not found'}
2025-05-20 17:12:23,161 - INFO - Data sent successfully
2025-05-20 17:12:28,163 - INFO - Sending data: {'user': 3, 'ph': 7.89, 'flow1': 44.49, 'flow2': 44.37, 'flow3': 25.52, 'cod': 51, 'bod': 29, 'tss': 193}
2025-05-20 17:12:28,202 - INFO - Status Code: 200
2025-05-20 17:12:28,202 - INFO - Response: {'success': False, 'error': 'User not found'}
2025-05-20 17:12:28,203 - INFO - Data sent successfully
2025-05-20 17:12:33,204 - INFO - Sending data: {'user': 3, 'ph': 6.54, 'flow1': 23.17, 'flow2': 51.31, 'flow3': 55.29, 'cod': 123, 'bod': 60, 'tss': 188}
2025-05-20 17:12:33,245 - INFO - Status Code: 200
2025-05-20 17:12:33,245 - INFO - Response: {'success': False, 'error': 'User not found'}
2025-05-20 17:12:33,245 - INFO - Data sent successfully
2025-05-20 17:12:38,247 - INFO - Sending data: {'user': 3, 'ph': 7.45, 'flow1': 97.03, 'flow2': 78.79, 'flow3': 35.37, 'cod': 182, 'bod': 79, 'tss': 68}
2025-05-20 17:12:38,291 - INFO - Status Code: 200
2025-05-20 17:12:38,291 - INFO - Response: {'success': False, 'error': 'User not found'}
2025-05-20 17:12:38,292 - INFO - Data sent successfully
2025-05-20 17:12:43,293 - INFO - Sending data: {'user': 3, 'ph': 7.51, 'flow1': 96.53, 'flow2': 10.23, 'flow3': 85.87, 'cod': 105, 'bod': 5, 'tss': 160}
2025-05-20 17:12:43,333 - INFO - Status Code: 200
2025-05-20 17:12:43,333 - INFO - Response: {'success': False, 'error': 'User not found'}
2025-05-20 17:12:43,333 - INFO - Data sent successfully
2025-05-20 17:12:48,334 - INFO - Sending data: {'user': 3, 'ph': 7.57, 'flow1': 33.15, 'flow2': 99.17, 'flow3': 74.2, 'cod': 32, 'bod': 61, 'tss': 52}
2025-05-20 17:12:48,379 - INFO - Status Code: 200
2025-05-20 17:12:48,379 - INFO - Response: {'success': False, 'error': 'User not found'}
2025-05-20 17:12:48,379 - INFO - Data sent successfully
2025-05-20 17:12:53,380 - INFO - Sending data: {'user': 3, 'ph': 7.6, 'flow1': 57.67, 'flow2': 48.31, 'flow3': 11.2, 'cod': 221, 'bod': 69, 'tss': 71}
2025-05-20 17:12:53,413 - INFO - Status Code: 200
2025-05-20 17:12:53,414 - INFO - Response: {'success': False, 'error': 'User not found'}
2025-05-20 17:12:53,414 - INFO - Data sent successfully
2025-05-20 17:12:58,415 - INFO - Sending data: {'user': 3, 'ph': 7.86, 'flow1': 21.6, 'flow2': 59.19, 'flow3': 48.85, 'cod': 278, 'bod': 19, 'tss': 72}
2025-05-20 17:12:58,435 - INFO - Status Code: 200
2025-05-20 17:12:58,435 - INFO - Response: {'success': False, 'error': 'User not found'}
2025-05-20 17:12:58,435 - INFO - Data sent successfully
2025-05-20 17:13:03,437 - INFO - Sending data: {'user': 3, 'ph': 7.0, 'flow1': 54.37, 'flow2': 28.77, 'flow3': 16.89, 'cod': 248, 'bod': 78, 'tss': 108}
2025-05-20 17:13:03,473 - INFO - Status Code: 200
2025-05-20 17:13:03,473 - INFO - Response: {'success': False, 'error': 'User not found'}
2025-05-20 17:13:03,473 - INFO - Data sent successfully
2025-05-20 17:13:08,475 - INFO - Sending data: {'user': 3, 'ph': 6.71, 'flow1': 42.12, 'flow2': 50.14, 'flow3': 17.27, 'cod': 231, 'bod': 21, 'tss': 75}
2025-05-20 17:13:08,515 - INFO - Status Code: 200
2025-05-20 17:13:08,515 - INFO - Response: {'success': False, 'error': 'User not found'}
2025-05-20 17:13:08,516 - INFO - Data sent successfully
2025-05-20 17:13:13,517 - INFO - Sending data: {'user': 3, 'ph': 7.46, 'flow1': 41.12, 'flow2': 25.99, 'flow3': 16.74, 'cod': 38, 'bod': 41, 'tss': 10}
2025-05-20 17:13:13,550 - INFO - Status Code: 200
2025-05-20 17:13:13,550 - INFO - Response: {'success': False, 'error': 'User not found'}
2025-05-20 17:13:13,550 - INFO - Data sent successfully
2025-05-20 17:13:18,552 - INFO - Sending data: {'user': 3, 'ph': 6.75, 'flow1': 55.49, 'flow2': 45.1, 'flow3': 25.43, 'cod': 52, 'bod': 49, 'tss': 111}
2025-05-20 17:13:18,575 - INFO - Status Code: 200
2025-05-20 17:13:18,575 - INFO - Response: {'success': False, 'error': 'User not found'}
2025-05-20 17:13:18,575 - INFO - Data sent successfully
2025-05-20 17:13:23,577 - INFO - Sending data: {'user': 3, 'ph': 6.53, 'flow1': 47.55, 'flow2': 70.59, 'flow3': 25.57, 'cod': 134, 'bod': 78, 'tss': 108}
2025-05-20 17:13:23,594 - INFO - Status Code: 200
2025-05-20 17:13:23,594 - INFO - Response: {'success': False, 'error': 'User not found'}
2025-05-20 17:13:23,594 - INFO - Data sent successfully
2025-05-20 17:13:28,595 - INFO - Sending data: {'user': 3, 'ph': 6.73, 'flow1': 88.93, 'flow2': 20.32, 'flow3': 51.86, 'cod': 181, 'bod': 37, 'tss': 98}
2025-05-20 17:13:28,638 - INFO - Status Code: 200
2025-05-20 17:13:28,638 - INFO - Response: {'success': False, 'error': 'User not found'}
2025-05-20 17:13:28,638 - INFO - Data sent successfully
2025-05-20 17:13:33,639 - INFO - Sending data: {'user': 3, 'ph': 8.43, 'flow1': 48.72, 'flow2': 24.12, 'flow3': 79.39, 'cod': 243, 'bod': 78, 'tss': 59}
2025-05-20 17:13:33,658 - INFO - Status Code: 200
2025-05-20 17:13:33,658 - INFO - Response: {'success': False, 'error': 'User not found'}
2025-05-20 17:13:33,658 - INFO - Data sent successfully
2025-05-20 17:13:38,660 - INFO - Sending data: {'user': 3, 'ph': 6.96, 'flow1': 97.8, 'flow2': 29.81, 'flow3': 75.12, 'cod': 186, 'bod': 17, 'tss': 116}
2025-05-20 17:13:38,699 - INFO - Status Code: 200
2025-05-20 17:13:38,700 - INFO - Response: {'success': False, 'error': 'User not found'}
2025-05-20 17:13:38,700 - INFO - Data sent successfully
2025-05-20 17:13:43,701 - INFO - Sending data: {'user': 3, 'ph': 7.39, 'flow1': 44.31, 'flow2': 72.23, 'flow3': 25.23, 'cod': 20, 'bod': 16, 'tss': 169}
2025-05-20 17:13:43,720 - INFO - Status Code: 200
2025-05-20 17:13:43,721 - INFO - Response: {'success': False, 'error': 'User not found'}
2025-05-20 17:13:43,721 - INFO - Data sent successfully
2025-05-20 17:13:48,722 - INFO - Sending data: {'user': 3, 'ph': 8.07, 'flow1': 14.51, 'flow2': 82.58, 'flow3': 50.38, 'cod': 168, 'bod': 47, 'tss': 69}
2025-05-20 17:13:48,752 - INFO - Status Code: 200
2025-05-20 17:13:48,752 - INFO - Response: {'success': False, 'error': 'User not found'}
2025-05-20 17:13:48,752 - INFO - Data sent successfully
2025-05-20 17:13:53,753 - INFO - Sending data: {'user': 3, 'ph': 7.27, 'flow1': 36.98, 'flow2': 28.32, 'flow3': 44.53, 'cod': 245, 'bod': 41, 'tss': 64}
2025-05-20 17:13:53,788 - INFO - Status Code: 200
2025-05-20 17:13:53,788 - INFO - Response: {'success': False, 'error': 'User not found'}
2025-05-20 17:13:53,788 - INFO - Data sent successfully
2025-05-20 17:13:58,789 - INFO - Sending data: {'user': 3, 'ph': 6.99, 'flow1': 92.19, 'flow2': 28.79, 'flow3': 56.47, 'cod': 297, 'bod': 70, 'tss': 192}
2025-05-20 17:13:58,831 - INFO - Status Code: 200
2025-05-20 17:13:58,831 - INFO - Response: {'success': False, 'error': 'User not found'}
2025-05-20 17:13:58,831 - INFO - Data sent successfully
2025-05-20 17:14:03,833 - INFO - Sending data: {'user': 3, 'ph': 7.67, 'flow1': 18.0, 'flow2': 50.91, 'flow3': 11.05, 'cod': 111, 'bod': 12, 'tss': 121}
2025-05-20 17:14:03,869 - INFO - Status Code: 200
2025-05-20 17:14:03,869 - INFO - Response: {'success': False, 'error': 'User not found'}
2025-05-20 17:14:03,869 - INFO - Data sent successfully
2025-05-20 17:14:08,870 - INFO - Sending data: {'user': 3, 'ph': 8.02, 'flow1': 83.63, 'flow2': 82.9, 'flow3': 77.32, 'cod': 104, 'bod': 80, 'tss': 62}
2025-05-20 17:14:08,891 - INFO - Status Code: 200
2025-05-20 17:14:08,891 - INFO - Response: {'success': False, 'error': 'User not found'}
2025-05-20 17:14:08,891 - INFO - Data sent successfully
2025-05-20 17:14:13,892 - INFO - Sending data: {'user': 3, 'ph': 6.97, 'flow1': 13.26, 'flow2': 63.56, 'flow3': 13.9, 'cod': 145, 'bod': 36, 'tss': 126}
2025-05-20 17:14:13,928 - INFO - Status Code: 200
2025-05-20 17:14:13,929 - INFO - Response: {'success': False, 'error': 'User not found'}
2025-05-20 17:14:13,929 - INFO - Data sent successfully
2025-05-20 17:14:18,930 - INFO - Sending data: {'user': 3, 'ph': 8.47, 'flow1': 71.23, 'flow2': 14.24, 'flow3': 94.47, 'cod': 278, 'bod': 75, 'tss': 45}
2025-05-20 17:14:18,976 - INFO - Status Code: 200
2025-05-20 17:14:18,976 - INFO - Response: {'success': False, 'error': 'User not found'}
2025-05-20 17:14:18,976 - INFO - Data sent successfully
2025-05-20 17:14:23,977 - INFO - Sending data: {'user': 3, 'ph': 8.49, 'flow1': 79.58, 'flow2': 37.86, 'flow3': 92.25, 'cod': 294, 'bod': 49, 'tss': 98}
2025-05-20 17:14:23,995 - INFO - Status Code: 200
2025-05-20 17:14:23,995 - INFO - Response: {'success': False, 'error': 'User not found'}
2025-05-20 17:14:23,995 - INFO - Data sent successfully
2025-05-20 17:14:28,995 - INFO - Sending data: {'user': 3, 'ph': 7.71, 'flow1': 76.12, 'flow2': 80.79, 'flow3': 53.05, 'cod': 134, 'bod': 77, 'tss': 16}
2025-05-20 17:14:29,023 - INFO - Status Code: 200
2025-05-20 17:14:29,024 - INFO - Response: {'success': False, 'error': 'User not found'}
2025-05-20 17:14:29,024 - INFO - Data sent successfully
2025-05-20 17:14:34,025 - INFO - Sending data: {'user': 3, 'ph': 8.04, 'flow1': 13.5, 'flow2': 76.04, 'flow3': 80.13, 'cod': 136, 'bod': 63, 'tss': 82}
2025-05-20 17:14:34,054 - INFO - Status Code: 200
2025-05-20 17:14:34,054 - INFO - Response: {'success': False, 'error': 'User not found'}
2025-05-20 17:14:34,054 - INFO - Data sent successfully
2025-05-20 17:14:39,055 - INFO - Sending data: {'user': 3, 'ph': 8.42, 'flow1': 27.84, 'flow2': 29.85, 'flow3': 32.17, 'cod': 96, 'bod': 69, 'tss': 135}
2025-05-20 17:14:39,102 - INFO - Status Code: 200
2025-05-20 17:14:39,103 - INFO - Response: {'success': False, 'error': 'User not found'}
2025-05-20 17:14:39,103 - INFO - Data sent successfully
2025-05-20 17:14:44,104 - INFO - Sending data: {'user': 3, 'ph': 6.86, 'flow1': 62.68, 'flow2': 36.0, 'flow3': 39.81, 'cod': 202, 'bod': 72, 'tss': 113}
2025-05-20 17:14:44,138 - INFO - Status Code: 200
2025-05-20 17:14:44,138 - INFO - Response: {'success': False, 'error': 'User not found'}
2025-05-20 17:14:44,138 - INFO - Data sent successfully
2025-05-20 17:14:49,139 - INFO - Sending data: {'user': 3, 'ph': 7.22, 'flow1': 70.22, 'flow2': 96.83, 'flow3': 62.87, 'cod': 289, 'bod': 72, 'tss': 160}
2025-05-20 17:14:49,222 - INFO - Status Code: 200
2025-05-20 17:14:49,223 - INFO - Response: {'success': False, 'error': 'User not found'}
2025-05-20 17:14:49,223 - INFO - Data sent successfully
2025-05-20 17:14:54,223 - INFO - Sending data: {'user': 3, 'ph': 8.0, 'flow1': 91.37, 'flow2': 97.27, 'flow3': 11.99, 'cod': 22, 'bod': 59, 'tss': 185}
2025-05-20 17:14:54,261 - INFO - Status Code: 200
2025-05-20 17:14:54,263 - INFO - Response: {'success': False, 'error': 'User not found'}
2025-05-20 17:14:54,263 - INFO - Data sent successfully
2025-05-20 17:14:59,264 - INFO - Sending data: {'user': 3, 'ph': 8.09, 'flow1': 54.52, 'flow2': 51.31, 'flow3': 84.25, 'cod': 118, 'bod': 49, 'tss': 133}
2025-05-20 17:14:59,345 - INFO - Status Code: 200
2025-05-20 17:14:59,345 - INFO - Response: {'success': False, 'error': 'User not found'}
2025-05-20 17:14:59,345 - INFO - Data sent successfully
2025-05-20 17:15:04,346 - INFO - Sending data: {'user': 3, 'ph': 7.38, 'flow1': 85.92, 'flow2': 34.7, 'flow3': 83.53, 'cod': 299, 'bod': 67, 'tss': 139}
2025-05-20 17:15:04,388 - INFO - Status Code: 200
2025-05-20 17:15:04,389 - INFO - Response: {'success': False, 'error': 'User not found'}
2025-05-20 17:15:04,389 - INFO - Data sent successfully
2025-05-20 17:15:09,390 - INFO - Sending data: {'user': 3, 'ph': 7.87, 'flow1': 63.8, 'flow2': 19.1, 'flow3': 57.73, 'cod': 28, 'bod': 52, 'tss': 48}
2025-05-20 17:15:09,432 - INFO - Status Code: 200
2025-05-20 17:15:09,432 - INFO - Response: {'success': False, 'error': 'User not found'}
2025-05-20 17:15:09,432 - INFO - Data sent successfully
2025-05-20 17:15:14,433 - INFO - Sending data: {'user': 3, 'ph': 6.56, 'flow1': 19.92, 'flow2': 65.03, 'flow3': 41.95, 'cod': 67, 'bod': 44, 'tss': 172}
2025-05-20 17:15:14,468 - INFO - Status Code: 200
2025-05-20 17:15:14,468 - INFO - Response: {'success': False, 'error': 'User not found'}
2025-05-20 17:15:14,468 - INFO - Data sent successfully
2025-05-20 17:15:19,469 - INFO - Sending data: {'user': 3, 'ph': 8.18, 'flow1': 46.24, 'flow2': 48.88, 'flow3': 13.58, 'cod': 257, 'bod': 70, 'tss': 187}
2025-05-20 17:15:19,524 - INFO - Status Code: 200
2025-05-20 17:15:19,524 - INFO - Response: {'success': False, 'error': 'User not found'}
2025-05-20 17:15:19,524 - INFO - Data sent successfully
2025-05-20 17:15:24,526 - INFO - Sending data: {'user': 3, 'ph': 7.68, 'flow1': 17.82, 'flow2': 33.16, 'flow3': 63.4, 'cod': 26, 'bod': 16, 'tss': 83}
2025-05-20 17:15:24,569 - INFO - Status Code: 200
2025-05-20 17:15:24,569 - INFO - Response: {'success': False, 'error': 'User not found'}
2025-05-20 17:15:24,569 - INFO - Data sent successfully
2025-05-20 17:15:29,571 - INFO - Sending data: {'user': 3, 'ph': 6.88, 'flow1': 77.29, 'flow2': 19.58, 'flow3': 26.13, 'cod': 58, 'bod': 18, 'tss': 88}
2025-05-20 17:15:29,589 - INFO - Status Code: 200
2025-05-20 17:15:29,589 - INFO - Response: {'success': False, 'error': 'User not found'}
2025-05-20 17:15:29,589 - INFO - Data sent successfully
2025-05-20 17:15:34,590 - INFO - Sending data: {'user': 3, 'ph': 8.25, 'flow1': 61.76, 'flow2': 85.13, 'flow3': 66.26, 'cod': 83, 'bod': 55, 'tss': 154}
2025-05-20 17:15:34,626 - INFO - Status Code: 200
2025-05-20 17:15:34,626 - INFO - Response: {'success': False, 'error': 'User not found'}
2025-05-20 17:15:34,626 - INFO - Data sent successfully
2025-05-20 17:15:39,626 - INFO - Sending data: {'user': 3, 'ph': 7.29, 'flow1': 97.21, 'flow2': 28.07, 'flow3': 69.66, 'cod': 104, 'bod': 78, 'tss': 26}
2025-05-20 17:15:39,652 - INFO - Status Code: 200
2025-05-20 17:15:39,652 - INFO - Response: {'success': False, 'error': 'User not found'}
2025-05-20 17:15:39,652 - INFO - Data sent successfully
2025-05-20 17:15:44,653 - INFO - Sending data: {'user': 3, 'ph': 7.91, 'flow1': 18.0, 'flow2': 48.64, 'flow3': 23.47, 'cod': 168, 'bod': 48, 'tss': 156}
2025-05-20 17:15:44,692 - INFO - Status Code: 200
2025-05-20 17:15:44,693 - INFO - Response: {'success': False, 'error': 'User not found'}
2025-05-20 17:15:44,693 - INFO - Data sent successfully
2025-05-20 17:15:49,694 - INFO - Sending data: {'user': 3, 'ph': 7.9, 'flow1': 12.06, 'flow2': 13.48, 'flow3': 55.42, 'cod': 144, 'bod': 52, 'tss': 188}
2025-05-20 17:15:49,736 - INFO - Status Code: 200
2025-05-20 17:15:49,736 - INFO - Response: {'success': False, 'error': 'User not found'}
2025-05-20 17:15:49,737 - INFO - Data sent successfully
2025-05-20 17:15:54,738 - INFO - Sending data: {'user': 3, 'ph': 7.75, 'flow1': 83.38, 'flow2': 96.78, 'flow3': 30.72, 'cod': 29, 'bod': 73, 'tss': 142}
2025-05-20 17:15:54,775 - INFO - Status Code: 200
2025-05-20 17:15:54,775 - INFO - Response: {'success': False, 'error': 'User not found'}
2025-05-20 17:15:54,775 - INFO - Data sent successfully
2025-05-20 17:15:59,776 - INFO - Sending data: {'user': 3, 'ph': 8.38, 'flow1': 81.68, 'flow2': 83.47, 'flow3': 56.56, 'cod': 117, 'bod': 11, 'tss': 47}
2025-05-20 17:15:59,816 - INFO - Status Code: 200
2025-05-20 17:15:59,816 - INFO - Response: {'success': False, 'error': 'User not found'}
2025-05-20 17:15:59,817 - INFO - Data sent successfully
2025-05-20 17:16:04,817 - INFO - Sending data: {'user': 3, 'ph': 8.04, 'flow1': 19.7, 'flow2': 26.62, 'flow3': 14.32, 'cod': 47, 'bod': 62, 'tss': 77}
2025-05-20 17:16:04,835 - INFO - Status Code: 200
2025-05-20 17:16:04,835 - INFO - Response: {'success': False, 'error': 'User not found'}
2025-05-20 17:16:04,835 - INFO - Data sent successfully
2025-05-20 17:16:09,837 - INFO - Sending data: {'user': 3, 'ph': 8.21, 'flow1': 19.82, 'flow2': 59.61, 'flow3': 61.87, 'cod': 66, 'bod': 41, 'tss': 77}
2025-05-20 17:16:09,857 - INFO - Status Code: 200
2025-05-20 17:16:09,857 - INFO - Response: {'success': False, 'error': 'User not found'}
2025-05-20 17:16:09,858 - INFO - Data sent successfully
2025-05-20 17:16:14,859 - INFO - Sending data: {'user': 3, 'ph': 6.56, 'flow1': 99.04, 'flow2': 89.85, 'flow3': 10.97, 'cod': 114, 'bod': 63, 'tss': 133}
2025-05-20 17:16:14,878 - INFO - Status Code: 200
2025-05-20 17:16:14,878 - INFO - Response: {'success': False, 'error': 'User not found'}
2025-05-20 17:16:14,878 - INFO - Data sent successfully
2025-05-20 17:16:19,879 - INFO - Sending data: {'user': 3, 'ph': 6.76, 'flow1': 70.71, 'flow2': 86.68, 'flow3': 94.38, 'cod': 115, 'bod': 55, 'tss': 72}
2025-05-20 17:16:19,914 - INFO - Status Code: 200
2025-05-20 17:16:19,914 - INFO - Response: {'success': False, 'error': 'User not found'}
2025-05-20 17:16:19,914 - INFO - Data sent successfully
2025-05-20 17:16:24,915 - INFO - Sending data: {'user': 3, 'ph': 7.67, 'flow1': 27.86, 'flow2': 91.77, 'flow3': 73.01, 'cod': 188, 'bod': 5, 'tss': 25}
2025-05-20 17:16:24,933 - INFO - Status Code: 200
2025-05-20 17:16:24,933 - INFO - Response: {'success': False, 'error': 'User not found'}
2025-05-20 17:16:24,933 - INFO - Data sent successfully
2025-05-20 17:16:29,934 - INFO - Sending data: {'user': 3, 'ph': 7.2, 'flow1': 27.42, 'flow2': 96.8, 'flow3': 25.28, 'cod': 140, 'bod': 17, 'tss': 159}
2025-05-20 17:16:29,951 - INFO - Status Code: 200
2025-05-20 17:16:29,951 - INFO - Response: {'success': False, 'error': 'User not found'}
2025-05-20 17:16:29,951 - INFO - Data sent successfully
2025-05-20 17:16:34,952 - INFO - Sending data: {'user': 3, 'ph': 7.22, 'flow1': 82.27, 'flow2': 31.37, 'flow3': 83.99, 'cod': 84, 'bod': 53, 'tss': 145}
2025-05-20 17:16:34,970 - INFO - Status Code: 200
2025-05-20 17:16:34,970 - INFO - Response: {'success': False, 'error': 'User not found'}
2025-05-20 17:16:34,970 - INFO - Data sent successfully
2025-05-20 17:16:39,971 - INFO - Sending data: {'user': 3, 'ph': 7.37, 'flow1': 10.68, 'flow2': 74.34, 'flow3': 31.86, 'cod': 233, 'bod': 12, 'tss': 166}
2025-05-20 17:16:40,011 - INFO - Status Code: 200
2025-05-20 17:16:40,011 - INFO - Response: {'success': False, 'error': 'User not found'}
2025-05-20 17:16:40,011 - INFO - Data sent successfully
2025-05-20 17:16:45,012 - INFO - Sending data: {'user': 3, 'ph': 7.68, 'flow1': 81.03, 'flow2': 40.54, 'flow3': 32.65, 'cod': 31, 'bod': 6, 'tss': 177}
2025-05-20 17:16:45,030 - INFO - Status Code: 200
2025-05-20 17:16:45,030 - INFO - Response: {'success': False, 'error': 'User not found'}
2025-05-20 17:16:45,030 - INFO - Data sent successfully
2025-05-20 17:16:50,031 - INFO - Sending data: {'user': 3, 'ph': 6.58, 'flow1': 83.42, 'flow2': 46.57, 'flow3': 85.28, 'cod': 105, 'bod': 32, 'tss': 82}
2025-05-20 17:16:50,071 - INFO - Status Code: 200
2025-05-20 17:16:50,071 - INFO - Response: {'success': False, 'error': 'User not found'}
2025-05-20 17:16:50,071 - INFO - Data sent successfully
2025-05-20 17:16:55,072 - INFO - Sending data: {'user': 3, 'ph': 7.84, 'flow1': 92.63, 'flow2': 20.86, 'flow3': 18.78, 'cod': 48, 'bod': 61, 'tss': 114}
2025-05-20 17:16:55,091 - INFO - Status Code: 200
2025-05-20 17:16:55,091 - INFO - Response: {'success': False, 'error': 'User not found'}
2025-05-20 17:16:55,091 - INFO - Data sent successfully
2025-05-20 17:17:00,093 - INFO - Sending data: {'user': 3, 'ph': 7.96, 'flow1': 51.49, 'flow2': 61.96, 'flow3': 38.91, 'cod': 42, 'bod': 80, 'tss': 105}
2025-05-20 17:17:00,113 - INFO - Status Code: 200
2025-05-20 17:17:00,113 - INFO - Response: {'success': False, 'error': 'User not found'}
2025-05-20 17:17:00,113 - INFO - Data sent successfully
2025-05-20 17:17:05,114 - INFO - Sending data: {'user': 3, 'ph': 7.06, 'flow1': 10.86, 'flow2': 49.39, 'flow3': 50.0, 'cod': 264, 'bod': 22, 'tss': 150}
2025-05-20 17:17:05,142 - INFO - Status Code: 200
2025-05-20 17:17:05,142 - INFO - Response: {'success': False, 'error': 'User not found'}
2025-05-20 17:17:05,142 - INFO - Data sent successfully
2025-05-20 17:17:10,143 - INFO - Sending data: {'user': 3, 'ph': 7.56, 'flow1': 33.7, 'flow2': 36.31, 'flow3': 77.87, 'cod': 264, 'bod': 21, 'tss': 137}
2025-05-20 17:17:10,168 - INFO - Status Code: 200
2025-05-20 17:17:10,168 - INFO - Response: {'success': False, 'error': 'User not found'}
2025-05-20 17:17:10,169 - INFO - Data sent successfully
2025-05-20 17:17:15,169 - INFO - Sending data: {'user': 3, 'ph': 8.43, 'flow1': 64.33, 'flow2': 86.42, 'flow3': 10.1, 'cod': 219, 'bod': 36, 'tss': 97}
2025-05-20 17:17:15,205 - INFO - Status Code: 200
2025-05-20 17:17:15,205 - INFO - Response: {'success': False, 'error': 'User not found'}
2025-05-20 17:17:15,205 - INFO - Data sent successfully
2025-05-20 17:17:20,207 - INFO - Sending data: {'user': 3, 'ph': 7.01, 'flow1': 97.19, 'flow2': 57.06, 'flow3': 88.17, 'cod': 240, 'bod': 22, 'tss': 38}
2025-05-20 17:17:20,225 - INFO - Status Code: 200
2025-05-20 17:17:20,225 - INFO - Response: {'success': False, 'error': 'User not found'}
2025-05-20 17:17:20,225 - INFO - Data sent successfully
2025-05-20 17:17:25,226 - INFO - Sending data: {'user': 3, 'ph': 7.59, 'flow1': 50.2, 'flow2': 34.84, 'flow3': 97.26, 'cod': 148, 'bod': 10, 'tss': 50}
2025-05-20 17:17:25,260 - INFO - Status Code: 200
2025-05-20 17:17:25,260 - INFO - Response: {'success': False, 'error': 'User not found'}
2025-05-20 17:17:25,260 - INFO - Data sent successfully
2025-05-20 17:17:30,262 - INFO - Sending data: {'user': 3, 'ph': 7.1, 'flow1': 46.37, 'flow2': 20.23, 'flow3': 51.73, 'cod': 183, 'bod': 29, 'tss': 82}
2025-05-20 17:17:30,302 - INFO - Status Code: 200
2025-05-20 17:17:30,302 - INFO - Response: {'success': False, 'error': 'User not found'}
2025-05-20 17:17:30,302 - INFO - Data sent successfully
2025-05-20 17:17:35,303 - INFO - Sending data: {'user': 3, 'ph': 7.99, 'flow1': 95.83, 'flow2': 17.57, 'flow3': 68.01, 'cod': 292, 'bod': 26, 'tss': 91}
2025-05-20 17:17:35,342 - INFO - Status Code: 200
2025-05-20 17:17:35,342 - INFO - Response: {'success': False, 'error': 'User not found'}
2025-05-20 17:17:35,342 - INFO - Data sent successfully
2025-05-20 17:17:40,343 - INFO - Sending data: {'user': 3, 'ph': 8.44, 'flow1': 31.96, 'flow2': 11.68, 'flow3': 70.81, 'cod': 171, 'bod': 39, 'tss': 157}
2025-05-20 17:17:40,378 - INFO - Status Code: 200
2025-05-20 17:17:40,378 - INFO - Response: {'success': False, 'error': 'User not found'}
2025-05-20 17:17:40,378 - INFO - Data sent successfully
2025-05-20 17:17:45,379 - INFO - Sending data: {'user': 3, 'ph': 8.43, 'flow1': 63.42, 'flow2': 67.31, 'flow3': 18.8, 'cod': 20, 'bod': 24, 'tss': 29}
2025-05-20 17:17:45,400 - INFO - Status Code: 200
2025-05-20 17:17:45,400 - INFO - Response: {'success': False, 'error': 'User not found'}
2025-05-20 17:17:45,400 - INFO - Data sent successfully
2025-05-20 17:17:50,402 - INFO - Sending data: {'user': 3, 'ph': 7.16, 'flow1': 36.85, 'flow2': 67.6, 'flow3': 48.58, 'cod': 28, 'bod': 34, 'tss': 18}
2025-05-20 17:17:50,425 - INFO - Status Code: 200
2025-05-20 17:17:50,425 - INFO - Response: {'success': False, 'error': 'User not found'}
2025-05-20 17:17:50,426 - INFO - Data sent successfully
2025-05-20 17:17:55,426 - INFO - Sending data: {'user': 3, 'ph': 7.81, 'flow1': 64.21, 'flow2': 16.64, 'flow3': 20.48, 'cod': 114, 'bod': 12, 'tss': 128}
2025-05-20 17:17:55,449 - INFO - Status Code: 200
2025-05-20 17:17:55,450 - INFO - Response: {'success': False, 'error': 'User not found'}
2025-05-20 17:17:55,450 - INFO - Data sent successfully
2025-05-20 17:18:00,450 - INFO - Sending data: {'user': 3, 'ph': 7.02, 'flow1': 15.51, 'flow2': 49.34, 'flow3': 93.08, 'cod': 74, 'bod': 27, 'tss': 10}
2025-05-20 17:18:00,469 - INFO - Status Code: 200
2025-05-20 17:18:00,470 - INFO - Response: {'success': False, 'error': 'User not found'}
2025-05-20 17:18:00,470 - INFO - Data sent successfully
2025-05-20 17:18:05,471 - INFO - Sending data: {'user': 3, 'ph': 7.74, 'flow1': 32.3, 'flow2': 99.95, 'flow3': 72.31, 'cod': 57, 'bod': 6, 'tss': 84}
2025-05-20 17:18:05,493 - INFO - Status Code: 200
2025-05-20 17:18:05,493 - INFO - Response: {'success': False, 'error': 'User not found'}
2025-05-20 17:18:05,495 - INFO - Data sent successfully
2025-05-20 17:18:10,495 - INFO - Sending data: {'user': 3, 'ph': 6.7, 'flow1': 21.05, 'flow2': 32.71, 'flow3': 59.47, 'cod': 59, 'bod': 22, 'tss': 153}
2025-05-20 17:18:10,511 - INFO - Status Code: 200
2025-05-20 17:18:10,513 - INFO - Response: {'success': False, 'error': 'User not found'}
2025-05-20 17:18:10,513 - INFO - Data sent successfully
2025-05-20 17:18:15,514 - INFO - Sending data: {'user': 3, 'ph': 8.03, 'flow1': 86.54, 'flow2': 50.55, 'flow3': 29.51, 'cod': 234, 'bod': 40, 'tss': 163}
2025-05-20 17:18:15,566 - INFO - Status Code: 200
2025-05-20 17:18:15,566 - INFO - Response: {'success': False, 'error': 'User not found'}
2025-05-20 17:18:15,566 - INFO - Data sent successfully
2025-05-20 17:18:20,567 - INFO - Sending data: {'user': 3, 'ph': 8.43, 'flow1': 69.04, 'flow2': 96.26, 'flow3': 31.49, 'cod': 77, 'bod': 50, 'tss': 51}
2025-05-20 17:18:20,607 - INFO - Status Code: 200
2025-05-20 17:18:20,607 - INFO - Response: {'success': False, 'error': 'User not found'}
2025-05-20 17:18:20,607 - INFO - Data sent successfully
2025-05-20 17:18:25,608 - INFO - Sending data: {'user': 3, 'ph': 7.12, 'flow1': 85.76, 'flow2': 76.85, 'flow3': 45.54, 'cod': 291, 'bod': 18, 'tss': 137}
2025-05-20 17:18:25,645 - INFO - Status Code: 200
2025-05-20 17:18:25,645 - INFO - Response: {'success': False, 'error': 'User not found'}
2025-05-20 17:18:25,646 - INFO - Data sent successfully
2025-05-20 17:18:30,646 - INFO - Sending data: {'user': 3, 'ph': 6.63, 'flow1': 26.2, 'flow2': 50.94, 'flow3': 25.65, 'cod': 44, 'bod': 45, 'tss': 56}
2025-05-20 17:18:30,686 - INFO - Status Code: 200
2025-05-20 17:18:30,687 - INFO - Response: {'success': False, 'error': 'User not found'}
2025-05-20 17:18:30,687 - INFO - Data sent successfully
2025-05-20 17:18:35,689 - INFO - Sending data: {'user': 3, 'ph': 7.9, 'flow1': 85.61, 'flow2': 81.18, 'flow3': 11.83, 'cod': 100, 'bod': 75, 'tss': 160}
2025-05-20 17:18:35,729 - INFO - Status Code: 200
2025-05-20 17:18:35,729 - INFO - Response: {'success': False, 'error': 'User not found'}
2025-05-20 17:18:35,729 - INFO - Data sent successfully
2025-05-20 17:18:40,731 - INFO - Sending data: {'user': 3, 'ph': 8.37, 'flow1': 17.83, 'flow2': 29.95, 'flow3': 64.39, 'cod': 282, 'bod': 21, 'tss': 21}
2025-05-20 17:18:40,853 - INFO - Status Code: 200
2025-05-20 17:18:40,853 - INFO - Response: {'success': False, 'error': 'User not found'}
2025-05-20 17:18:40,853 - INFO - Data sent successfully
2025-05-20 17:18:45,855 - INFO - Sending data: {'user': 3, 'ph': 8.23, 'flow1': 66.45, 'flow2': 23.19, 'flow3': 28.58, 'cod': 266, 'bod': 15, 'tss': 96}
2025-05-20 17:18:45,944 - INFO - Status Code: 200
2025-05-20 17:18:45,944 - INFO - Response: {'success': False, 'error': 'User not found'}
2025-05-20 17:18:45,945 - INFO - Data sent successfully
2025-05-20 17:18:50,946 - INFO - Sending data: {'user': 3, 'ph': 6.99, 'flow1': 84.68, 'flow2': 57.68, 'flow3': 81.6, 'cod': 284, 'bod': 61, 'tss': 112}
2025-05-20 17:18:51,021 - INFO - Status Code: 200
2025-05-20 17:18:51,021 - INFO - Response: {'success': False, 'error': 'User not found'}
2025-05-20 17:18:51,021 - INFO - Data sent successfully
2025-05-20 17:18:56,022 - INFO - Sending data: {'user': 3, 'ph': 7.03, 'flow1': 18.37, 'flow2': 54.93, 'flow3': 30.21, 'cod': 68, 'bod': 17, 'tss': 159}
2025-05-20 17:18:56,040 - INFO - Status Code: 200
2025-05-20 17:18:56,040 - INFO - Response: {'success': False, 'error': 'User not found'}
2025-05-20 17:18:56,040 - INFO - Data sent successfully
2025-05-20 17:19:01,041 - INFO - Sending data: {'user': 3, 'ph': 7.08, 'flow1': 64.02, 'flow2': 96.96, 'flow3': 72.5, 'cod': 89, 'bod': 27, 'tss': 29}
2025-05-20 17:19:01,082 - INFO - Status Code: 200
2025-05-20 17:19:01,082 - INFO - Response: {'success': False, 'error': 'User not found'}
2025-05-20 17:19:01,082 - INFO - Data sent successfully
2025-05-20 17:19:06,083 - INFO - Sending data: {'user': 3, 'ph': 7.01, 'flow1': 14.07, 'flow2': 63.65, 'flow3': 97.98, 'cod': 194, 'bod': 14, 'tss': 150}
2025-05-20 17:19:06,156 - INFO - Status Code: 200
2025-05-20 17:19:06,156 - INFO - Response: {'success': False, 'error': 'User not found'}
2025-05-20 17:19:06,157 - INFO - Data sent successfully
2025-05-20 17:19:11,158 - INFO - Sending data: {'user': 3, 'ph': 6.96, 'flow1': 37.75, 'flow2': 39.57, 'flow3': 48.24, 'cod': 291, 'bod': 41, 'tss': 38}
2025-05-20 17:19:11,192 - INFO - Status Code: 200
2025-05-20 17:19:11,192 - INFO - Response: {'success': False, 'error': 'User not found'}
2025-05-20 17:19:11,192 - INFO - Data sent successfully
2025-05-20 17:19:16,194 - INFO - Sending data: {'user': 3, 'ph': 8.04, 'flow1': 98.9, 'flow2': 63.91, 'flow3': 81.67, 'cod': 270, 'bod': 63, 'tss': 152}
2025-05-20 17:19:16,231 - INFO - Status Code: 200
2025-05-20 17:19:16,231 - INFO - Response: {'success': False, 'error': 'User not found'}
2025-05-20 17:19:16,231 - INFO - Data sent successfully
2025-05-20 17:19:21,232 - INFO - Sending data: {'user': 3, 'ph': 8.3, 'flow1': 70.87, 'flow2': 74.16, 'flow3': 57.55, 'cod': 91, 'bod': 36, 'tss': 163}
2025-05-20 17:19:21,250 - INFO - Status Code: 200
2025-05-20 17:19:21,251 - INFO - Response: {'success': False, 'error': 'User not found'}
2025-05-20 17:19:21,251 - INFO - Data sent successfully
2025-05-20 17:19:26,252 - INFO - Sending data: {'user': 3, 'ph': 6.6, 'flow1': 72.83, 'flow2': 63.52, 'flow3': 77.03, 'cod': 40, 'bod': 11, 'tss': 20}
2025-05-20 17:19:26,298 - INFO - Status Code: 200
2025-05-20 17:19:26,298 - INFO - Response: {'success': False, 'error': 'User not found'}
2025-05-20 17:19:26,298 - INFO - Data sent successfully
2025-05-20 17:19:31,300 - INFO - Sending data: {'user': 3, 'ph': 7.79, 'flow1': 81.61, 'flow2': 62.48, 'flow3': 34.74, 'cod': 162, 'bod': 28, 'tss': 168}
2025-05-20 17:19:31,372 - INFO - Status Code: 200
2025-05-20 17:19:31,372 - INFO - Response: {'success': False, 'error': 'User not found'}
2025-05-20 17:19:31,372 - INFO - Data sent successfully
2025-05-20 17:19:36,374 - INFO - Sending data: {'user': 3, 'ph': 7.23, 'flow1': 45.86, 'flow2': 33.39, 'flow3': 87.73, 'cod': 104, 'bod': 57, 'tss': 40}
2025-05-20 17:19:36,409 - INFO - Status Code: 200
2025-05-20 17:19:36,409 - INFO - Response: {'success': False, 'error': 'User not found'}
2025-05-20 17:19:36,409 - INFO - Data sent successfully
2025-05-20 17:19:41,410 - INFO - Sending data: {'user': 3, 'ph': 7.05, 'flow1': 24.94, 'flow2': 39.77, 'flow3': 93.57, 'cod': 92, 'bod': 53, 'tss': 173}
2025-05-20 17:19:41,474 - INFO - Status Code: 200
2025-05-20 17:19:41,474 - INFO - Response: {'success': False, 'error': 'User not found'}
2025-05-20 17:19:41,474 - INFO - Data sent successfully
2025-05-20 17:19:46,475 - INFO - Sending data: {'user': 3, 'ph': 6.82, 'flow1': 29.62, 'flow2': 34.09, 'flow3': 92.18, 'cod': 243, 'bod': 43, 'tss': 82}
2025-05-20 17:19:46,517 - INFO - Status Code: 200
2025-05-20 17:19:46,518 - INFO - Response: {'success': False, 'error': 'User not found'}
2025-05-20 17:19:46,518 - INFO - Data sent successfully
2025-05-20 17:19:51,519 - INFO - Sending data: {'user': 3, 'ph': 7.76, 'flow1': 79.06, 'flow2': 79.91, 'flow3': 64.99, 'cod': 201, 'bod': 80, 'tss': 125}
2025-05-20 17:19:51,568 - INFO - Status Code: 200
2025-05-20 17:19:51,568 - INFO - Response: {'success': False, 'error': 'User not found'}
2025-05-20 17:19:51,569 - INFO - Data sent successfully
2025-05-20 17:19:56,569 - INFO - Sending data: {'user': 3, 'ph': 6.95, 'flow1': 26.72, 'flow2': 19.82, 'flow3': 19.17, 'cod': 232, 'bod': 79, 'tss': 199}
2025-05-20 17:19:56,615 - INFO - Status Code: 200
2025-05-20 17:19:56,615 - INFO - Response: {'success': False, 'error': 'User not found'}
2025-05-20 17:19:56,615 - INFO - Data sent successfully
2025-05-20 17:20:01,617 - INFO - Sending data: {'user': 3, 'ph': 6.95, 'flow1': 53.23, 'flow2': 15.62, 'flow3': 29.46, 'cod': 180, 'bod': 65, 'tss': 167}
2025-05-20 17:20:01,669 - INFO - Status Code: 200
2025-05-20 17:20:01,669 - INFO - Response: {'success': False, 'error': 'User not found'}
2025-05-20 17:20:01,669 - INFO - Data sent successfully
2025-05-20 17:20:06,670 - INFO - Sending data: {'user': 3, 'ph': 8.3, 'flow1': 28.26, 'flow2': 56.61, 'flow3': 10.47, 'cod': 218, 'bod': 5, 'tss': 145}
2025-05-20 17:20:06,743 - INFO - Status Code: 200
2025-05-20 17:20:06,743 - INFO - Response: {'success': False, 'error': 'User not found'}
2025-05-20 17:20:06,743 - INFO - Data sent successfully
2025-05-20 17:20:11,744 - INFO - Sending data: {'user': 3, 'ph': 8.34, 'flow1': 31.88, 'flow2': 82.07, 'flow3': 93.11, 'cod': 95, 'bod': 42, 'tss': 112}
2025-05-20 17:20:11,782 - INFO - Status Code: 200
2025-05-20 17:20:11,782 - INFO - Response: {'success': False, 'error': 'User not found'}
2025-05-20 17:20:11,782 - INFO - Data sent successfully
